{"logTime": "1121/090451", "correlationVector":"sANDfFdfzlzRRn5aHEVpT9.2","action":"GetUpdates", "result":"DeleteReceived", "context":{"id":"ed463a8b-d19b-4e68-9847-b8aba8cff01c", "isDeleted:":"true", "version":"1732164246868"}}
{"logTime": "1121/090451", "correlationVector":"sANDfFdfzlzRRn5aHEVpT9.3","action":"GetUpdates Response", "result":"Success", "context":Received 2 update(s). cV=sANDfFdfzlzRRn5aHEVpT9.0;server=GENERAL0300001E;cloudType=Consumer;environment=Prod_SoutheastAsia_000j;migrationStage=NotStarted}
{"logTime": "1121/090518", "correlationVector":"1zF9fs5TbQrOY+nK49DXgQ","action":"Commit Request", "result":"", "context":Item count: 40
Contributing types: Passwords}
{"logTime": "1121/090520", "correlationVector":"1zF9fs5TbQrOY+nK49DXgQ.1","action":"SyncServerConnectionManagerRequest", "result":"SYNC_SERVER_OK", "context":{"environment":"Prod_SoutheastAsia_000j", "migrationStage":"NotStarted", "server":"GENERAL0100000R"}}
{"logTime": "1121/090520", "correlationVector":"1zF9fs5TbQrOY+nK49DXgQ.2","action":"Commit Response", "result":"Success", "context":Result: Success. cV=1zF9fs5TbQrOY+nK49DXgQ.0;server=GENERAL0100000R;cloudType=Consumer;environment=Prod_SoutheastAsia_000j;migrationStage=NotStarted}
{"logTime": "1121/090520", "correlationVector":"XHCQVRTRBWBLUAH61QORDx","action":"Commit Request", "result":"", "context":Item count: 40
Contributing types: Passwords}
{"logTime": "1121/090521", "correlationVector":"XHCQVRTRBWBLUAH61QORDx.1","action":"SyncServerConnectionManagerRequest", "result":"SYNC_SERVER_OK", "context":{"environment":"Prod_SoutheastAsia_000j", "migrationStage":"NotStarted", "server":"GENERAL0300001H"}}
{"logTime": "1121/090521", "correlationVector":"XHCQVRTRBWBLUAH61QORDx.2","action":"Commit Response", "result":"Success", "context":Result: Success. cV=XHCQVRTRBWBLUAH61QORDx.0;server=GENERAL0300001H;cloudType=Consumer;environment=Prod_SoutheastAsia_000j;migrationStage=NotStarted}
{"logTime": "1121/090521", "correlationVector":"ZOb3nyovGGZIcAseRN1H+R","action":"Commit Request", "result":"", "context":Item count: 40
Contributing types: Passwords}
{"logTime": "1121/090523", "correlationVector":"ZOb3nyovGGZIcAseRN1H+R.1","action":"SyncServerConnectionManagerRequest", "result":"SYNC_SERVER_OK", "context":{"environment":"Prod_SoutheastAsia_000j", "migrationStage":"NotStarted", "server":"GENERAL01000006"}}
{"logTime": "1121/090523", "correlationVector":"ZOb3nyovGGZIcAseRN1H+R.2","action":"Commit Response", "result":"Success", "context":Result: Success. cV=ZOb3nyovGGZIcAseRN1H+R.0;server=GENERAL01000006;cloudType=Consumer;environment=Prod_SoutheastAsia_000j;migrationStage=NotStarted}
{"logTime": "1121/090523", "correlationVector":"b0zOr4tqzrtUFxQBlom/wg","action":"Commit Request", "result":"", "context":Item count: 40
Contributing types: Passwords}
{"logTime": "1121/090525", "correlationVector":"b0zOr4tqzrtUFxQBlom/wg.1","action":"SyncServerConnectionManagerRequest", "result":"SYNC_SERVER_OK", "context":{"environment":"Prod_SoutheastAsia_000j", "migrationStage":"NotStarted", "server":"GENERAL0300001R"}}
{"logTime": "1121/090525", "correlationVector":"b0zOr4tqzrtUFxQBlom/wg.2","action":"Commit Response", "result":"Success", "context":Result: Success. cV=b0zOr4tqzrtUFxQBlom/wg.0;server=GENERAL0300001R;cloudType=Consumer;environment=Prod_SoutheastAsia_000j;migrationStage=NotStarted}
{"logTime": "1121/090525", "correlationVector":"kh1be5HV285KJ6TZ+/M6mU","action":"Commit Request", "result":"", "context":Item count: 40
Contributing types: Passwords}
{"logTime": "1121/090527", "correlationVector":"kh1be5HV285KJ6TZ+/M6mU.1","action":"SyncServerConnectionManagerRequest", "result":"SYNC_SERVER_OK", "context":{"environment":"Prod_SoutheastAsia_000j", "migrationStage":"NotStarted", "server":"GENERAL0100001L"}}
{"logTime": "1121/090527", "correlationVector":"kh1be5HV285KJ6TZ+/M6mU.2","action":"Commit Response", "result":"Success", "context":Result: Success. cV=kh1be5HV285KJ6TZ+/M6mU.0;server=GENERAL0100001L;cloudType=Consumer;environment=Prod_SoutheastAsia_000j;migrationStage=NotStarted}
{"logTime": "1121/090527", "correlationVector":"UqDMrt8ZiEf8HMNozLC1E8","action":"Commit Request", "result":"", "context":Item count: 29
Contributing types: Passwords}
{"logTime": "1121/090528", "correlationVector":"UqDMrt8ZiEf8HMNozLC1E8.1","action":"SyncServerConnectionManagerRequest", "result":"SYNC_SERVER_OK", "context":{"environment":"Prod_SoutheastAsia_000j", "migrationStage":"NotStarted", "server":"GENERAL01000008"}}
{"logTime": "1121/090528", "correlationVector":"UqDMrt8ZiEf8HMNozLC1E8.2","action":"Commit Response", "result":"Success", "context":Result: Success. cV=UqDMrt8ZiEf8HMNozLC1E8.0;server=GENERAL01000008;cloudType=Consumer;environment=Prod_SoutheastAsia_000j;migrationStage=NotStarted}
{"logTime": "1121/090855", "correlationVector":"ElFJ2MJ23um62rRhIKglP9.1","action":"SyncServerConnectionManagerRequest", "result":"SYNC_SERVER_OK", "context":{"environment":"Prod_SoutheastAsia_000j", "migrationStage":"NotStarted", "server":"GENERAL0300000E"}}
{"logTime": "1121/090855", "correlationVector":"rS9nB+6tuOFTAXES1ymRaJ","action":"SyncServerConnectionManagerRequest", "result":"SYNC_SERVER_OK", "context":{"environment":"", "migrationStage":"", "server":""}}
{"logTime": "1121/090855", "correlationVector":"ElFJ2MJ23um62rRhIKglP9","action":"Initial GetUpdates", "result":"", "context":Reason: NEW_CLIENT. cV=ElFJ2MJ23um62rRhIKglP9}
{"logTime": "1121/090855", "correlationVector":"ElFJ2MJ23um62rRhIKglP9.2","action":"GetUpdates Response", "result":"Success", "context":Received 1 update(s). cV=ElFJ2MJ23um62rRhIKglP9.0;server=GENERAL0300000E;cloudType=Consumer;environment=Prod_SoutheastAsia_000j;migrationStage=NotStarted}
{"logTime": "1121/090855", "correlationVector":"JOfX+iDawxzj9DMn84X5rI","action":"Initial GetUpdates", "result":"", "context":Reason: NEWLY_SUPPORTED_DATATYPE. cV=JOfX+iDawxzj9DMn84X5rI}
{"logTime": "1121/090856", "correlationVector":"JOfX+iDawxzj9DMn84X5rI.1","action":"SyncServerConnectionManagerRequest", "result":"SYNC_SERVER_OK", "context":{"environment":"Prod_SoutheastAsia_000j", "migrationStage":"NotStarted", "server":"GENERAL0300001E"}}
{"logTime": "1121/090856", "correlationVector":"JOfX+iDawxzj9DMn84X5rI.2","action":"GetUpdates", "result":"DeleteReceived", "context":{"id":"2337fd3a-8b02-4d74-a75c-062649a16338", "isDeleted:":"true", "version":"1728388066794"}}
{"logTime": "1121/090856", "correlationVector":"JOfX+iDawxzj9DMn84X5rI.3","action":"GetUpdates", "result":"DeleteReceived", "context":{"id":"8a40c098-a885-4df1-afc7-c0191b18967c", "isDeleted:":"true", "version":"1729481624789"}}
{"logTime": "1121/090856", "correlationVector":"JOfX+iDawxzj9DMn84X5rI.4","action":"GetUpdates", "result":"DeleteReceived", "context":{"id":"257541f5-8f41-46f4-bb18-a004031a118a", "isDeleted:":"true", "version":"1730780632772"}}
{"logTime": "1121/090856", "correlationVector":"JOfX+iDawxzj9DMn84X5rI.5","action":"GetUpdates Response", "result":"Success", "context":Received 250 update(s). cV=JOfX+iDawxzj9DMn84X5rI.0;server=GENERAL0300001E;cloudType=Consumer;environment=Prod_SoutheastAsia_000j;migrationStage=NotStarted Some updates remain.}
{"logTime": "1121/090856", "correlationVector":"OaYxhJoT9hmsgNyUiVTf4F","action":"Initial GetUpdates", "result":"", "context":Reason: NEWLY_SUPPORTED_DATATYPE. cV=OaYxhJoT9hmsgNyUiVTf4F}
{"logTime": "1121/090856", "correlationVector":"OaYxhJoT9hmsgNyUiVTf4F.1","action":"SyncServerConnectionManagerRequest", "result":"SYNC_SERVER_OK", "context":{"environment":"Prod_SoutheastAsia_000j", "migrationStage":"NotStarted", "server":"GENERAL0100001C"}}
{"logTime": "1121/090856", "correlationVector":"OaYxhJoT9hmsgNyUiVTf4F.2","action":"GetUpdates Response", "result":"Success", "context":Received 108 update(s). cV=OaYxhJoT9hmsgNyUiVTf4F.0;server=GENERAL0100001C;cloudType=Consumer;environment=Prod_SoutheastAsia_000j;migrationStage=NotStarted}
{"logTime": "1121/090857", "correlationVector":"culOiCKuvdYKoTK1978Asj","action":"Normal GetUpdate request", "result":"", "context":cV=culOiCKuvdYKoTK1978Asj
Refresh requested types: Bookmarks, Passwords, Autofill Profiles, Autofill, Typed URLs, Edge Wallet, Encryption Keys}
{"logTime": "1121/090858", "correlationVector":"culOiCKuvdYKoTK1978Asj.1","action":"SyncServerConnectionManagerRequest", "result":"SYNC_SERVER_OK", "context":{"environment":"Prod_SoutheastAsia_000j", "migrationStage":"NotStarted", "server":"GENERAL0300002L"}}
{"logTime": "1121/090858", "correlationVector":"culOiCKuvdYKoTK1978Asj.2","action":"GetUpdates Response", "result":"Success", "context":Received 0 update(s). cV=culOiCKuvdYKoTK1978Asj.0;server=GENERAL0300002L;cloudType=Consumer;environment=Prod_SoutheastAsia_000j;migrationStage=NotStarted}
{"logTime": "1121/091339", "correlationVector":"6UckfixvVMcRQwkhwOPUlv","action":"Normal GetUpdate request", "result":"", "context":cV=6UckfixvVMcRQwkhwOPUlv
Notified types: Autofill Profiles}
{"logTime": "1121/091340", "correlationVector":"6UckfixvVMcRQwkhwOPUlv.1","action":"SyncServerConnectionManagerRequest", "result":"SYNC_SERVER_OK", "context":{"environment":"Prod_SoutheastAsia_000j", "migrationStage":"NotStarted", "server":"GENERAL03000015"}}
{"logTime": "1121/091340", "correlationVector":"6UckfixvVMcRQwkhwOPUlv.2","action":"GetUpdates Response", "result":"Success", "context":Received 1 update(s). cV=6UckfixvVMcRQwkhwOPUlv.0;server=GENERAL03000015;cloudType=Consumer;environment=Prod_SoutheastAsia_000j;migrationStage=NotStarted}
{"logTime": "1121/091350", "correlationVector":"GcVzk0z5dZXX/cdzus9BH/","action":"Normal GetUpdate request", "result":"", "context":cV=GcVzk0z5dZXX/cdzus9BH/
Notified types: Autofill}
{"logTime": "1121/091350", "correlationVector":"GcVzk0z5dZXX/cdzus9BH/.1","action":"SyncServerConnectionManagerRequest", "result":"SYNC_SERVER_OK", "context":{"environment":"Prod_SoutheastAsia_000j", "migrationStage":"NotStarted", "server":"GENERAL0300000A"}}
{"logTime": "1121/091350", "correlationVector":"GcVzk0z5dZXX/cdzus9BH/.2","action":"GetUpdates Response", "result":"Success", "context":Received 4 update(s). cV=GcVzk0z5dZXX/cdzus9BH/.0;server=GENERAL0300000A;cloudType=Consumer;environment=Prod_SoutheastAsia_000j;migrationStage=NotStarted}
{"logTime": "1121/091353", "correlationVector":"S7yGDhGH/Uoza2+rGQUFAb","action":"Normal GetUpdate request", "result":"", "context":cV=S7yGDhGH/Uoza2+rGQUFAb
Refresh requested types: Bookmarks, Passwords, Autofill Profiles, Autofill, Typed URLs, Edge Wallet, Encryption Keys}
{"logTime": "1121/091353", "correlationVector":"S7yGDhGH/Uoza2+rGQUFAb.1","action":"SyncServerConnectionManagerRequest", "result":"SYNC_SERVER_OK", "context":{"environment":"Prod_SoutheastAsia_000j", "migrationStage":"NotStarted", "server":"GENERAL0300000T"}}
{"logTime": "1121/091353", "correlationVector":"S7yGDhGH/Uoza2+rGQUFAb.2","action":"GetUpdates Response", "result":"Success", "context":Received 0 update(s). cV=S7yGDhGH/Uoza2+rGQUFAb.0;server=GENERAL0300000T;cloudType=Consumer;environment=Prod_SoutheastAsia_000j;migrationStage=NotStarted}
{"logTime": "1121/091354", "correlationVector":"BzIXfHveCZVxHzRXpgo2iM","action":"Normal GetUpdate request", "result":"", "context":cV=BzIXfHveCZVxHzRXpgo2iM
Notified types: Passwords}
{"logTime": "1121/091354", "correlationVector":"BzIXfHveCZVxHzRXpgo2iM.1","action":"SyncServerConnectionManagerRequest", "result":"SYNC_SERVER_OK", "context":{"environment":"Prod_SoutheastAsia_000j", "migrationStage":"NotStarted", "server":"GENERAL0300002D"}}
{"logTime": "1121/091354", "correlationVector":"BzIXfHveCZVxHzRXpgo2iM.2","action":"GetUpdates Response", "result":"Success", "context":Received 1 update(s). cV=BzIXfHveCZVxHzRXpgo2iM.0;server=GENERAL0300002D;cloudType=Consumer;environment=Prod_SoutheastAsia_000j;migrationStage=NotStarted}
{"logTime": "1121/091441", "correlationVector":"c1spWqZ9L4iMwDc4r4COQL","action":"Normal GetUpdate request", "result":"", "context":cV=c1spWqZ9L4iMwDc4r4COQL
Notified types: Autofill}
{"logTime": "1121/091441", "correlationVector":"c1spWqZ9L4iMwDc4r4COQL.1","action":"SyncServerConnectionManagerRequest", "result":"SYNC_SERVER_OK", "context":{"environment":"Prod_SoutheastAsia_000j", "migrationStage":"NotStarted", "server":"GENERAL0300000W"}}
{"logTime": "1121/091441", "correlationVector":"c1spWqZ9L4iMwDc4r4COQL.2","action":"GetUpdates Response", "result":"Success", "context":Received 1 update(s). cV=c1spWqZ9L4iMwDc4r4COQL.0;server=GENERAL0300000W;cloudType=Consumer;environment=Prod_SoutheastAsia_000j;migrationStage=NotStarted}
{"logTime": "1121/091717", "correlationVector":"D8BrGSXGQHOrw8m+9wVkzo","action":"Normal GetUpdate request", "result":"", "context":cV=D8BrGSXGQHOrw8m+9wVkzo
Notified types: Passwords, Autofill Profiles}
{"logTime": "1121/091718", "correlationVector":"D8BrGSXGQHOrw8m+9wVkzo.1","action":"SyncServerConnectionManagerRequest", "result":"SYNC_SERVER_OK", "context":{"environment":"Prod_SoutheastAsia_000j", "migrationStage":"NotStarted", "server":"GENERAL0100001L"}}
{"logTime": "1121/091718", "correlationVector":"D8BrGSXGQHOrw8m+9wVkzo.2","action":"GetUpdates", "result":"DeleteReceived", "context":{"id":"2c7ccfb6-8f3b-4485-b5e3-b83542dfd430", "isDeleted:":"true", "version":"1732180637493"}}
{"logTime": "1121/091718", "correlationVector":"D8BrGSXGQHOrw8m+9wVkzo.3","action":"GetUpdates Response", "result":"Success", "context":Received 2 update(s). cV=D8BrGSXGQHOrw8m+9wVkzo.0;server=GENERAL0100001L;cloudType=Consumer;environment=Prod_SoutheastAsia_000j;migrationStage=NotStarted}
{"logTime": "1121/091719", "correlationVector":"NY0a64mAtfh36Q1bhM/6ZH","action":"Normal GetUpdate request", "result":"", "context":cV=NY0a64mAtfh36Q1bhM/6ZH
Notified types: Passwords}
{"logTime": "1121/091719", "correlationVector":"NY0a64mAtfh36Q1bhM/6ZH.1","action":"SyncServerConnectionManagerRequest", "result":"SYNC_SERVER_OK", "context":{"environment":"Prod_SoutheastAsia_000j", "migrationStage":"NotStarted", "server":"GENERAL03000031"}}
{"logTime": "1121/091719", "correlationVector":"NY0a64mAtfh36Q1bhM/6ZH.2","action":"GetUpdates Response", "result":"Success", "context":Received 0 update(s). cV=NY0a64mAtfh36Q1bhM/6ZH.0;server=GENERAL03000031;cloudType=Consumer;environment=Prod_SoutheastAsia_000j;migrationStage=NotStarted}
{"logTime": "1121/091746", "correlationVector":"NsElKsBo7XjtD91RuKjwEO","action":"Normal GetUpdate request", "result":"", "context":cV=NsElKsBo7XjtD91RuKjwEO
Notified types: Passwords}
{"logTime": "1121/091746", "correlationVector":"NsElKsBo7XjtD91RuKjwEO.1","action":"SyncServerConnectionManagerRequest", "result":"SYNC_SERVER_OK", "context":{"environment":"Prod_SoutheastAsia_000j", "migrationStage":"NotStarted", "server":"GENERAL0100000O"}}
{"logTime": "1121/091746", "correlationVector":"NsElKsBo7XjtD91RuKjwEO.2","action":"GetUpdates Response", "result":"Success", "context":Received 1 update(s). cV=NsElKsBo7XjtD91RuKjwEO.0;server=GENERAL0100000O;cloudType=Consumer;environment=Prod_SoutheastAsia_000j;migrationStage=NotStarted}
{"logTime": "1121/092006", "correlationVector":"5OUFMHZb4VdN3tZCkM6nlG","action":"Poll GetUpdate request", "result":"", "context":cV=5OUFMHZb4VdN3tZCkM6nlG}
{"logTime": "1121/092007", "correlationVector":"5OUFMHZb4VdN3tZCkM6nlG.1","action":"SyncServerConnectionManagerRequest", "result":"SYNC_SERVER_OK", "context":{"environment":"Prod_SoutheastAsia_000j", "migrationStage":"NotStarted", "server":"GENERAL0300002Y"}}
{"logTime": "1121/092007", "correlationVector":"5OUFMHZb4VdN3tZCkM6nlG.2","action":"GetUpdates Response", "result":"Success", "context":Received 0 update(s). cV=5OUFMHZb4VdN3tZCkM6nlG.0;server=GENERAL0300002Y;cloudType=Consumer;environment=Prod_SoutheastAsia_000j;migrationStage=NotStarted}
{"logTime": "1121/092725", "correlationVector":"RY4Z8XGu4oXC7YbMQawi89.1","action":"SyncServerConnectionManagerRequest", "result":"SYNC_SERVER_OK", "context":{"environment":"Prod_SoutheastAsia_000j", "migrationStage":"NotStarted", "server":"GENERAL0300001V"}}
{"logTime": "1121/092726", "correlationVector":"o5yQ8Me1P0hPK3XuyRAU+V","action":"SyncServerConnectionManagerRequest", "result":"SYNC_SERVER_OK", "context":{"environment":"", "migrationStage":"", "server":""}}
{"logTime": "1121/092726", "correlationVector":"RY4Z8XGu4oXC7YbMQawi89","action":"Initial GetUpdates", "result":"", "context":Reason: NEW_CLIENT. cV=RY4Z8XGu4oXC7YbMQawi89}
{"logTime": "1121/092726", "correlationVector":"RY4Z8XGu4oXC7YbMQawi89.2","action":"GetUpdates Response", "result":"Success", "context":Received 1 update(s). cV=RY4Z8XGu4oXC7YbMQawi89.0;server=GENERAL0300001V;cloudType=Consumer;environment=Prod_SoutheastAsia_000j;migrationStage=NotStarted}
{"logTime": "1121/092726", "correlationVector":"Vradb6aN4oGdFQYd4wTCCw","action":"Initial GetUpdates", "result":"", "context":Reason: NEWLY_SUPPORTED_DATATYPE. cV=Vradb6aN4oGdFQYd4wTCCw}
{"logTime": "1121/092727", "correlationVector":"Vradb6aN4oGdFQYd4wTCCw.1","action":"SyncServerConnectionManagerRequest", "result":"SYNC_SERVER_OK", "context":{"environment":"Prod_SoutheastAsia_000j", "migrationStage":"NotStarted", "server":"GENERAL0300000H"}}
{"logTime": "1121/092727", "correlationVector":"Vradb6aN4oGdFQYd4wTCCw.2","action":"GetUpdates", "result":"DeleteReceived", "context":{"id":"2337fd3a-8b02-4d74-a75c-062649a16338", "isDeleted:":"true", "version":"1728388066794"}}
{"logTime": "1121/092727", "correlationVector":"Vradb6aN4oGdFQYd4wTCCw.3","action":"GetUpdates", "result":"DeleteReceived", "context":{"id":"8a40c098-a885-4df1-afc7-c0191b18967c", "isDeleted:":"true", "version":"1729481624789"}}
{"logTime": "1121/092727", "correlationVector":"Vradb6aN4oGdFQYd4wTCCw.4","action":"GetUpdates", "result":"DeleteReceived", "context":{"id":"257541f5-8f41-46f4-bb18-a004031a118a", "isDeleted:":"true", "version":"1730780632772"}}
{"logTime": "1121/092727", "correlationVector":"Vradb6aN4oGdFQYd4wTCCw.5","action":"GetUpdates Response", "result":"Success", "context":Received 250 update(s). cV=Vradb6aN4oGdFQYd4wTCCw.0;server=GENERAL0300000H;cloudType=Consumer;environment=Prod_SoutheastAsia_000j;migrationStage=NotStarted Some updates remain.}
{"logTime": "1121/092727", "correlationVector":"T8K1h2L1X9QvdPrnoJgfnN","action":"Initial GetUpdates", "result":"", "context":Reason: NEWLY_SUPPORTED_DATATYPE. cV=T8K1h2L1X9QvdPrnoJgfnN}
{"logTime": "1121/092727", "correlationVector":"T8K1h2L1X9QvdPrnoJgfnN.1","action":"SyncServerConnectionManagerRequest", "result":"SYNC_SERVER_OK", "context":{"environment":"Prod_SoutheastAsia_000j", "migrationStage":"NotStarted", "server":"GENERAL0300000A"}}
{"logTime": "1121/092727", "correlationVector":"T8K1h2L1X9QvdPrnoJgfnN.2","action":"GetUpdates", "result":"DeleteReceived", "context":{"id":"2c7ccfb6-8f3b-4485-b5e3-b83542dfd430", "isDeleted:":"true", "version":"1732180637493"}}
{"logTime": "1121/092727", "correlationVector":"T8K1h2L1X9QvdPrnoJgfnN.3","action":"GetUpdates Response", "result":"Success", "context":Received 111 update(s). cV=T8K1h2L1X9QvdPrnoJgfnN.0;server=GENERAL0300000A;cloudType=Consumer;environment=Prod_SoutheastAsia_000j;migrationStage=NotStarted}
{"logTime": "1121/092728", "correlationVector":"xnJs27/6orG3nc7JpxBEKU","action":"Normal GetUpdate request", "result":"", "context":cV=xnJs27/6orG3nc7JpxBEKU
Refresh requested types: Bookmarks, Passwords, Autofill Profiles, Autofill, Typed URLs, Edge Wallet, Encryption Keys}
{"logTime": "1121/092728", "correlationVector":"xnJs27/6orG3nc7JpxBEKU.1","action":"SyncServerConnectionManagerRequest", "result":"SYNC_SERVER_OK", "context":{"environment":"Prod_SoutheastAsia_000j", "migrationStage":"NotStarted", "server":"GENERAL0100000N"}}
{"logTime": "1121/092728", "correlationVector":"xnJs27/6orG3nc7JpxBEKU.2","action":"GetUpdates Response", "result":"Success", "context":Received 0 update(s). cV=xnJs27/6orG3nc7JpxBEKU.0;server=GENERAL0100000N;cloudType=Consumer;environment=Prod_SoutheastAsia_000j;migrationStage=NotStarted}
{"logTime": "1121/093028", "correlationVector":"BsbknFa5rZPXx141UL6EaG.1","action":"SyncServerConnectionManagerRequest", "result":"SYNC_SERVER_OK", "context":{"environment":"Prod_SoutheastAsia_000j", "migrationStage":"NotStarted", "server":"GENERAL0100000J"}}
{"logTime": "1121/093028", "correlationVector":"nwhXMgdYMmsM5OW/kEik0w","action":"SyncServerConnectionManagerRequest", "result":"SYNC_SERVER_OK", "context":{"environment":"", "migrationStage":"", "server":""}}
{"logTime": "1121/093028", "correlationVector":"BsbknFa5rZPXx141UL6EaG","action":"Initial GetUpdates", "result":"", "context":Reason: NEW_CLIENT. cV=BsbknFa5rZPXx141UL6EaG}
{"logTime": "1121/093028", "correlationVector":"BsbknFa5rZPXx141UL6EaG.2","action":"GetUpdates Response", "result":"Success", "context":Received 1 update(s). cV=BsbknFa5rZPXx141UL6EaG.0;server=GENERAL0100000J;cloudType=Consumer;environment=Prod_SoutheastAsia_000j;migrationStage=NotStarted}
{"logTime": "1121/093028", "correlationVector":"0ik6RJss/nkOl0kaTOJ78a","action":"Initial GetUpdates", "result":"", "context":Reason: NEWLY_SUPPORTED_DATATYPE. cV=0ik6RJss/nkOl0kaTOJ78a}
{"logTime": "1121/093029", "correlationVector":"0ik6RJss/nkOl0kaTOJ78a.1","action":"SyncServerConnectionManagerRequest", "result":"SYNC_SERVER_OK", "context":{"environment":"Prod_SoutheastAsia_000j", "migrationStage":"NotStarted", "server":"GENERAL0300002X"}}
{"logTime": "1121/093029", "correlationVector":"0ik6RJss/nkOl0kaTOJ78a.2","action":"GetUpdates", "result":"DeleteReceived", "context":{"id":"2337fd3a-8b02-4d74-a75c-062649a16338", "isDeleted:":"true", "version":"1728388066794"}}
{"logTime": "1121/093029", "correlationVector":"0ik6RJss/nkOl0kaTOJ78a.3","action":"GetUpdates", "result":"DeleteReceived", "context":{"id":"8a40c098-a885-4df1-afc7-c0191b18967c", "isDeleted:":"true", "version":"1729481624789"}}
{"logTime": "1121/093029", "correlationVector":"0ik6RJss/nkOl0kaTOJ78a.4","action":"GetUpdates", "result":"DeleteReceived", "context":{"id":"257541f5-8f41-46f4-bb18-a004031a118a", "isDeleted:":"true", "version":"1730780632772"}}
{"logTime": "1121/093029", "correlationVector":"0ik6RJss/nkOl0kaTOJ78a.5","action":"GetUpdates Response", "result":"Success", "context":Received 250 update(s). cV=0ik6RJss/nkOl0kaTOJ78a.0;server=GENERAL0300002X;cloudType=Consumer;environment=Prod_SoutheastAsia_000j;migrationStage=NotStarted Some updates remain.}
{"logTime": "1121/093029", "correlationVector":"HyxCND0JzjCp0xJxwGiOM4","action":"Initial GetUpdates", "result":"", "context":Reason: NEWLY_SUPPORTED_DATATYPE. cV=HyxCND0JzjCp0xJxwGiOM4}
{"logTime": "1121/093029", "correlationVector":"HyxCND0JzjCp0xJxwGiOM4.1","action":"SyncServerConnectionManagerRequest", "result":"SYNC_SERVER_OK", "context":{"environment":"Prod_SoutheastAsia_000j", "migrationStage":"NotStarted", "server":"GENERAL01000011"}}
{"logTime": "1121/093029", "correlationVector":"HyxCND0JzjCp0xJxwGiOM4.2","action":"GetUpdates", "result":"DeleteReceived", "context":{"id":"2c7ccfb6-8f3b-4485-b5e3-b83542dfd430", "isDeleted:":"true", "version":"1732180637493"}}
{"logTime": "1121/093029", "correlationVector":"HyxCND0JzjCp0xJxwGiOM4.3","action":"GetUpdates Response", "result":"Success", "context":Received 111 update(s). cV=HyxCND0JzjCp0xJxwGiOM4.0;server=GENERAL01000011;cloudType=Consumer;environment=Prod_SoutheastAsia_000j;migrationStage=NotStarted}
{"logTime": "1121/093031", "correlationVector":"8aeC9aA4xjcuvZsvk2iln4","action":"Normal GetUpdate request", "result":"", "context":cV=8aeC9aA4xjcuvZsvk2iln4
Refresh requested types: Bookmarks, Passwords, Autofill Profiles, Autofill, Typed URLs, Edge Wallet, Encryption Keys}
{"logTime": "1121/093031", "correlationVector":"8aeC9aA4xjcuvZsvk2iln4.1","action":"SyncServerConnectionManagerRequest", "result":"SYNC_SERVER_OK", "context":{"environment":"Prod_SoutheastAsia_000j", "migrationStage":"NotStarted", "server":"GENERAL0300001Y"}}
{"logTime": "1121/093031", "correlationVector":"8aeC9aA4xjcuvZsvk2iln4.2","action":"GetUpdates Response", "result":"Success", "context":Received 0 update(s). cV=8aeC9aA4xjcuvZsvk2iln4.0;server=GENERAL0300001Y;cloudType=Consumer;environment=Prod_SoutheastAsia_000j;migrationStage=NotStarted}
{"logTime": "1121/093451", "correlationVector":"/kDYL/IAp3b4YxFCZBcncW.1","action":"SyncServerConnectionManagerRequest", "result":"SYNC_SERVER_OK", "context":{"environment":"Prod_SoutheastAsia_000j", "migrationStage":"NotStarted", "server":"GENERAL0100000L"}}
{"logTime": "1121/093452", "correlationVector":"/tPZ0YKXKaOUtgGCEpqgPI","action":"SyncServerConnectionManagerRequest", "result":"SYNC_SERVER_OK", "context":{"environment":"", "migrationStage":"", "server":""}}
{"logTime": "1121/093452", "correlationVector":"/kDYL/IAp3b4YxFCZBcncW","action":"Initial GetUpdates", "result":"", "context":Reason: NEW_CLIENT. cV=/kDYL/IAp3b4YxFCZBcncW}
{"logTime": "1121/093452", "correlationVector":"/kDYL/IAp3b4YxFCZBcncW.2","action":"GetUpdates Response", "result":"Success", "context":Received 1 update(s). cV=/kDYL/IAp3b4YxFCZBcncW.0;server=GENERAL0100000L;cloudType=Consumer;environment=Prod_SoutheastAsia_000j;migrationStage=NotStarted}
{"logTime": "1121/093452", "correlationVector":"EW01I8rANfvFC6TIzGLHef","action":"Initial GetUpdates", "result":"", "context":Reason: NEWLY_SUPPORTED_DATATYPE. cV=EW01I8rANfvFC6TIzGLHef}
{"logTime": "1121/093452", "correlationVector":"EW01I8rANfvFC6TIzGLHef.1","action":"SyncServerConnectionManagerRequest", "result":"SYNC_SERVER_OK", "context":{"environment":"Prod_SoutheastAsia_000j", "migrationStage":"NotStarted", "server":"GENERAL0300001Y"}}
{"logTime": "1121/093452", "correlationVector":"EW01I8rANfvFC6TIzGLHef.2","action":"GetUpdates", "result":"DeleteReceived", "context":{"id":"2337fd3a-8b02-4d74-a75c-062649a16338", "isDeleted:":"true", "version":"1728388066794"}}
{"logTime": "1121/093452", "correlationVector":"EW01I8rANfvFC6TIzGLHef.3","action":"GetUpdates", "result":"DeleteReceived", "context":{"id":"8a40c098-a885-4df1-afc7-c0191b18967c", "isDeleted:":"true", "version":"1729481624789"}}
{"logTime": "1121/093452", "correlationVector":"EW01I8rANfvFC6TIzGLHef.4","action":"GetUpdates", "result":"DeleteReceived", "context":{"id":"257541f5-8f41-46f4-bb18-a004031a118a", "isDeleted:":"true", "version":"1730780632772"}}
{"logTime": "1121/093452", "correlationVector":"EW01I8rANfvFC6TIzGLHef.5","action":"GetUpdates Response", "result":"Success", "context":Received 250 update(s). cV=EW01I8rANfvFC6TIzGLHef.0;server=GENERAL0300001Y;cloudType=Consumer;environment=Prod_SoutheastAsia_000j;migrationStage=NotStarted Some updates remain.}
{"logTime": "1121/093452", "correlationVector":"An833PkapORBXcg+Khoz+p","action":"Initial GetUpdates", "result":"", "context":Reason: NEWLY_SUPPORTED_DATATYPE. cV=An833PkapORBXcg+Khoz+p}
{"logTime": "1121/093453", "correlationVector":"An833PkapORBXcg+Khoz+p.1","action":"SyncServerConnectionManagerRequest", "result":"SYNC_SERVER_OK", "context":{"environment":"Prod_SoutheastAsia_000j", "migrationStage":"NotStarted", "server":"GENERAL0100000N"}}
{"logTime": "1121/093453", "correlationVector":"An833PkapORBXcg+Khoz+p.2","action":"GetUpdates", "result":"DeleteReceived", "context":{"id":"2c7ccfb6-8f3b-4485-b5e3-b83542dfd430", "isDeleted:":"true", "version":"1732180637493"}}
{"logTime": "1121/093453", "correlationVector":"An833PkapORBXcg+Khoz+p.3","action":"GetUpdates Response", "result":"Success", "context":Received 111 update(s). cV=An833PkapORBXcg+Khoz+p.0;server=GENERAL0100000N;cloudType=Consumer;environment=Prod_SoutheastAsia_000j;migrationStage=NotStarted}
{"logTime": "1121/093454", "correlationVector":"3mut7WJz5a7P1c+51kcKOB","action":"Normal GetUpdate request", "result":"", "context":cV=3mut7WJz5a7P1c+51kcKOB
Refresh requested types: Bookmarks, Passwords, Autofill Profiles, Autofill, Typed URLs, Edge Wallet, Encryption Keys}
{"logTime": "1121/093454", "correlationVector":"3mut7WJz5a7P1c+51kcKOB.1","action":"SyncServerConnectionManagerRequest", "result":"SYNC_SERVER_OK", "context":{"environment":"Prod_SoutheastAsia_000j", "migrationStage":"NotStarted", "server":"GENERAL01000012"}}
{"logTime": "1121/093454", "correlationVector":"3mut7WJz5a7P1c+51kcKOB.2","action":"GetUpdates Response", "result":"Success", "context":Received 0 update(s). cV=3mut7WJz5a7P1c+51kcKOB.0;server=GENERAL01000012;cloudType=Consumer;environment=Prod_SoutheastAsia_000j;migrationStage=NotStarted}
{"logTime": "1123/114959", "correlationVector":"MAghpmDZE4nvXzGp9AGmPt.1","action":"SyncServerConnectionManagerRequest", "result":"SYNC_SERVER_OK", "context":{"environment":"Prod_SoutheastAsia_000j", "migrationStage":"NotStarted", "server":"GENERAL0300001R"}}
{"logTime": "1123/115000", "correlationVector":"wf/w9hDFrSBxWFTXQGscwF","action":"SyncServerConnectionManagerRequest", "result":"SYNC_SERVER_OK", "context":{"environment":"", "migrationStage":"", "server":""}}
{"logTime": "1123/115000", "correlationVector":"MAghpmDZE4nvXzGp9AGmPt","action":"Initial GetUpdates", "result":"", "context":Reason: NEW_CLIENT. cV=MAghpmDZE4nvXzGp9AGmPt}
{"logTime": "1123/115000", "correlationVector":"MAghpmDZE4nvXzGp9AGmPt.2","action":"GetUpdates Response", "result":"Success", "context":Received 1 update(s). cV=MAghpmDZE4nvXzGp9AGmPt.0;server=GENERAL0300001R;cloudType=Consumer;environment=Prod_SoutheastAsia_000j;migrationStage=NotStarted}
{"logTime": "1123/115000", "correlationVector":"hbYZxU0T2Ghf4wFx13wPNg","action":"Initial GetUpdates", "result":"", "context":Reason: NEWLY_SUPPORTED_DATATYPE. cV=hbYZxU0T2Ghf4wFx13wPNg}
{"logTime": "1123/115001", "correlationVector":"hbYZxU0T2Ghf4wFx13wPNg.1","action":"SyncServerConnectionManagerRequest", "result":"SYNC_SERVER_OK", "context":{"environment":"Prod_SoutheastAsia_000j", "migrationStage":"NotStarted", "server":"GENERAL0100001I"}}
{"logTime": "1123/115001", "correlationVector":"hbYZxU0T2Ghf4wFx13wPNg.2","action":"GetUpdates", "result":"DeleteReceived", "context":{"id":"2337fd3a-8b02-4d74-a75c-062649a16338", "isDeleted:":"true", "version":"1728388066794"}}
{"logTime": "1123/115001", "correlationVector":"hbYZxU0T2Ghf4wFx13wPNg.3","action":"GetUpdates", "result":"DeleteReceived", "context":{"id":"8a40c098-a885-4df1-afc7-c0191b18967c", "isDeleted:":"true", "version":"1729481624789"}}
{"logTime": "1123/115001", "correlationVector":"hbYZxU0T2Ghf4wFx13wPNg.4","action":"GetUpdates", "result":"DeleteReceived", "context":{"id":"257541f5-8f41-46f4-bb18-a004031a118a", "isDeleted:":"true", "version":"1730780632772"}}
{"logTime": "1123/115001", "correlationVector":"hbYZxU0T2Ghf4wFx13wPNg.5","action":"GetUpdates Response", "result":"Success", "context":Received 250 update(s). cV=hbYZxU0T2Ghf4wFx13wPNg.0;server=GENERAL0100001I;cloudType=Consumer;environment=Prod_SoutheastAsia_000j;migrationStage=NotStarted Some updates remain.}
{"logTime": "1123/115001", "correlationVector":"7RhjCXDACwab9vBaAgirdG","action":"Initial GetUpdates", "result":"", "context":Reason: NEWLY_SUPPORTED_DATATYPE. cV=7RhjCXDACwab9vBaAgirdG}
{"logTime": "1123/115001", "correlationVector":"7RhjCXDACwab9vBaAgirdG.1","action":"SyncServerConnectionManagerRequest", "result":"SYNC_SERVER_OK", "context":{"environment":"Prod_SoutheastAsia_000j", "migrationStage":"NotStarted", "server":"GENERAL0300001K"}}
{"logTime": "1123/115001", "correlationVector":"7RhjCXDACwab9vBaAgirdG.2","action":"GetUpdates", "result":"DeleteReceived", "context":{"id":"2c7ccfb6-8f3b-4485-b5e3-b83542dfd430", "isDeleted:":"true", "version":"1732180637493"}}
{"logTime": "1123/115001", "correlationVector":"7RhjCXDACwab9vBaAgirdG.3","action":"GetUpdates Response", "result":"Success", "context":Received 112 update(s). cV=7RhjCXDACwab9vBaAgirdG.0;server=GENERAL0300001K;cloudType=Consumer;environment=Prod_SoutheastAsia_000j;migrationStage=NotStarted}
{"logTime": "1123/115001", "correlationVector":"YMSsllDONcPBym9mz+gz0o","action":"Normal GetUpdate request", "result":"", "context":cV=YMSsllDONcPBym9mz+gz0o
Nudged types: Preferences, Sessions, Device Info
Refresh requested types: Bookmarks, Preferences, Passwords, Autofill Profiles, Autofill, Typed URLs, Extensions, Sessions, Extension settings, History Delete Directives, Device Info, User Consents, Send Tab To Self, Web Apps, Collection, Edge E Drop, Edge Hub App Usage, Edge Tab Group, Edge Wallet, Encryption Keys}
{"logTime": "1123/115002", "correlationVector":"YMSsllDONcPBym9mz+gz0o.1","action":"SyncServerConnectionManagerRequest", "result":"SYNC_SERVER_OK", "context":{"environment":"Prod_SoutheastAsia_000j", "migrationStage":"NotStarted", "server":"GENERAL0300001V"}}
{"logTime": "1123/115002", "correlationVector":"YMSsllDONcPBym9mz+gz0o.2","action":"GetUpdates", "result":"DeleteReceived", "context":{"id":"4785ccfc-1faa-400c-925b-2358746384b3", "isDeleted:":"true", "version":"1732176320840"}}
{"logTime": "1123/115002", "correlationVector":"YMSsllDONcPBym9mz+gz0o.3","action":"GetUpdates", "result":"DeleteReceived", "context":{"id":"7839f7b2-a2eb-477b-8004-2b36691f6d98", "isDeleted:":"true", "version":"1732353584526"}}
{"logTime": "1123/115002", "correlationVector":"YMSsllDONcPBym9mz+gz0o.4","action":"GetUpdates", "result":"DeleteReceived", "context":{"id":"2e3692fb-472a-462f-9e20-c9852cdeabb9", "isDeleted:":"true", "version":"1732358014928"}}
{"logTime": "1123/115002", "correlationVector":"YMSsllDONcPBym9mz+gz0o.5","action":"GetUpdates", "result":"DeleteReceived", "context":{"id":"58b0ef39-f440-4f9d-a413-0424cbb9dabb", "isDeleted:":"true", "version":"1732345881089"}}
{"logTime": "1123/115002", "correlationVector":"YMSsllDONcPBym9mz+gz0o.6","action":"GetUpdates", "result":"DeleteReceived", "context":{"id":"8dbdbfcd-f806-4771-bef6-6dfe05459f4f", "isDeleted:":"true", "version":"1732345881090"}}
{"logTime": "1123/115002", "correlationVector":"YMSsllDONcPBym9mz+gz0o.7","action":"GetUpdates", "result":"DeleteReceived", "context":{"id":"9def310d-f9b3-4d34-b014-d7884d85c77f", "isDeleted:":"true", "version":"1732158108297"}}
{"logTime": "1123/115002", "correlationVector":"YMSsllDONcPBym9mz+gz0o.8","action":"GetUpdates", "result":"DeleteReceived", "context":{"id":"6e9a36ec-4e10-42a0-8736-d7de7a60b20a", "isDeleted:":"true", "version":"1732159659195"}}
{"logTime": "1123/115002", "correlationVector":"YMSsllDONcPBym9mz+gz0o.9","action":"GetUpdates", "result":"DeleteReceived", "context":{"id":"880818f6-ced4-4798-bd59-3d062884f40a", "isDeleted:":"true", "version":"1732161400420"}}
{"logTime": "1123/115002", "correlationVector":"YMSsllDONcPBym9mz+gz0o.10","action":"GetUpdates", "result":"DeleteReceived", "context":{"id":"54ad30ce-798b-4ca9-be7b-bd46bcd64552", "isDeleted:":"true", "version":"1732161442100"}}
{"logTime": "1123/115002", "correlationVector":"YMSsllDONcPBym9mz+gz0o.11","action":"GetUpdates", "result":"DeleteReceived", "context":{"id":"544e40e7-5cf5-4147-930b-505fa053d0dd", "isDeleted:":"true", "version":"1732162856165"}}
{"logTime": "1123/115002", "correlationVector":"YMSsllDONcPBym9mz+gz0o.12","action":"GetUpdates", "result":"DeleteReceived", "context":{"id":"68314947-4e92-4261-8a54-790915222eea", "isDeleted:":"true", "version":"1732343835192"}}
{"logTime": "1123/115002", "correlationVector":"YMSsllDONcPBym9mz+gz0o.13","action":"GetUpdates", "result":"DeleteReceived", "context":{"id":"177b99de-6de0-4ca1-92ee-c9c744660b04", "isDeleted:":"true", "version":"1732344501215"}}
{"logTime": "1123/115002", "correlationVector":"YMSsllDONcPBym9mz+gz0o.14","action":"GetUpdates", "result":"DeleteReceived", "context":{"id":"67cd9d71-9ecc-4595-bbf7-a07571595137", "isDeleted:":"true", "version":"1732344501217"}}
{"logTime": "1123/115002", "correlationVector":"YMSsllDONcPBym9mz+gz0o.15","action":"GetUpdates", "result":"DeleteReceived", "context":{"id":"bbdbe144-ec8b-4762-95d3-2392fca14881", "isDeleted:":"true", "version":"1732353473727"}}
{"logTime": "1123/115002", "correlationVector":"YMSsllDONcPBym9mz+gz0o.16","action":"GetUpdates", "result":"DeleteReceived", "context":{"id":"f1d603e5-190c-4e51-a09b-f6711882bfc3", "isDeleted:":"true", "version":"1732353473728"}}
{"logTime": "1123/115002", "correlationVector":"YMSsllDONcPBym9mz+gz0o.17","action":"GetUpdates", "result":"DeleteReceived", "context":{"id":"21d35cbb-f45c-4c8a-a625-5bd137cb1f3a", "isDeleted:":"true", "version":"1732353473730"}}
{"logTime": "1123/115002", "correlationVector":"YMSsllDONcPBym9mz+gz0o.18","action":"GetUpdates", "result":"DeleteReceived", "context":{"id":"bdbb9c25-453a-4cbf-8374-c53bb7d5a0b8", "isDeleted:":"true", "version":"1732353940672"}}
{"logTime": "1123/115002", "correlationVector":"YMSsllDONcPBym9mz+gz0o.19","action":"GetUpdates", "result":"DeleteReceived", "context":{"id":"e5aa4aa7-63da-43a1-9a1c-836eca198a60", "isDeleted:":"true", "version":"1732353990285"}}
{"logTime": "1123/115002", "correlationVector":"YMSsllDONcPBym9mz+gz0o.20","action":"GetUpdates", "result":"DeleteReceived", "context":{"id":"9d40641d-d6e8-44a5-ac87-f66ed475a912", "isDeleted:":"true", "version":"1732353990286"}}
{"logTime": "1123/115002", "correlationVector":"YMSsllDONcPBym9mz+gz0o.21","action":"GetUpdates", "result":"DeleteReceived", "context":{"id":"e0d8fa78-4cdb-4132-8622-8329d8478ad9", "isDeleted:":"true", "version":"1732353990287"}}
{"logTime": "1123/115002", "correlationVector":"YMSsllDONcPBym9mz+gz0o.22","action":"GetUpdates", "result":"DeleteReceived", "context":{"id":"fb14c144-f7ae-49e5-8798-4781a5bbf8ec", "isDeleted:":"true", "version":"1732354479442"}}
{"logTime": "1123/115002", "correlationVector":"YMSsllDONcPBym9mz+gz0o.23","action":"GetUpdates", "result":"DeleteReceived", "context":{"id":"d46ec6f5-4469-4254-810a-43f084c6512e", "isDeleted:":"true", "version":"1732358014930"}}
{"logTime": "1123/115002", "correlationVector":"YMSsllDONcPBym9mz+gz0o.24","action":"GetUpdates", "result":"DeleteReceived", "context":{"id":"f6363e4c-e1ab-476f-9a68-ebcceb3cbe53", "isDeleted:":"true", "version":"1732360603798"}}
{"logTime": "1123/115002", "correlationVector":"YMSsllDONcPBym9mz+gz0o.25","action":"GetUpdates", "result":"DeleteReceived", "context":{"id":"700b64e4-e561-48a6-80be-912bb825bb5f", "isDeleted:":"true", "version":"1732360709106"}}
{"logTime": "1123/115002", "correlationVector":"YMSsllDONcPBym9mz+gz0o.26","action":"GetUpdates", "result":"DeleteReceived", "context":{"id":"f6cd82a1-e243-412b-904e-b8f7808328b8", "isDeleted:":"true", "version":"1732361920680"}}
{"logTime": "1123/115002", "correlationVector":"YMSsllDONcPBym9mz+gz0o.27","action":"GetUpdates", "result":"DeleteReceived", "context":{"id":"6dbdded1-88aa-4259-a700-c9048e200bce", "isDeleted:":"true", "version":"1732362271351"}}
{"logTime": "1123/115002", "correlationVector":"YMSsllDONcPBym9mz+gz0o.28","action":"GetUpdates", "result":"DeleteReceived", "context":{"id":"80385178-4f7b-4e81-b9ff-c60989d61638", "isDeleted:":"true", "version":"1732362551602"}}
{"logTime": "1123/115002", "correlationVector":"YMSsllDONcPBym9mz+gz0o.29","action":"GetUpdates", "result":"DeleteReceived", "context":{"id":"2b241e9b-0f90-4144-af4c-198dcc318388", "isDeleted:":"true", "version":"1732362601654"}}
{"logTime": "1123/115002", "correlationVector":"YMSsllDONcPBym9mz+gz0o.30","action":"GetUpdates Response", "result":"Success", "context":Received 57 update(s). cV=YMSsllDONcPBym9mz+gz0o.0;server=GENERAL0300001V;cloudType=Consumer;environment=Prod_SoutheastAsia_000j;migrationStage=NotStarted}
{"logTime": "1123/115003", "correlationVector":"e0fkKkB6Cwkhtc1iyVBn9K","action":"Commit Request", "result":"", "context":Item count: 4
Contributing types: Sessions, Device Info}
{"logTime": "1123/115003", "correlationVector":"e0fkKkB6Cwkhtc1iyVBn9K.1","action":"SyncServerConnectionManagerRequest", "result":"SYNC_SERVER_OK", "context":{"environment":"Prod_SoutheastAsia_000j", "migrationStage":"NotStarted", "server":"GENERAL0300000A"}}
{"logTime": "1123/115003", "correlationVector":"e0fkKkB6Cwkhtc1iyVBn9K.3","action":"Commit.Sessions", "result":"Success", "context":{"id":"59867646-4f36-47ec-9b36-9d7690e80ab7", "isDeleted":"true", "size":"0", "version":"1732158349383"}}
{"logTime": "1123/115003", "correlationVector":"e0fkKkB6Cwkhtc1iyVBn9K.2","action":"Commit Response", "result":"Success", "context":Result: Success. cV=e0fkKkB6Cwkhtc1iyVBn9K.0;server=GENERAL0300000A;cloudType=Consumer;environment=Prod_SoutheastAsia_000j;migrationStage=NotStarted}
{"logTime": "1123/115003", "correlationVector":"AHJnUO3X/CoFcFnA9Ld4jP","action":"Poll GetUpdate request", "result":"", "context":cV=AHJnUO3X/CoFcFnA9Ld4jP}
{"logTime": "1123/115003", "correlationVector":"AHJnUO3X/CoFcFnA9Ld4jP.1","action":"SyncServerConnectionManagerRequest", "result":"SYNC_SERVER_OK", "context":{"environment":"Prod_SoutheastAsia_000j", "migrationStage":"NotStarted", "server":"GENERAL0300000E"}}
{"logTime": "1123/115003", "correlationVector":"AHJnUO3X/CoFcFnA9Ld4jP.2","action":"GetUpdates", "result":"DeleteReceived", "context":{"id":"59867646-4f36-47ec-9b36-9d7690e80ab7", "isDeleted:":"true", "version":"1732362604079"}}
{"logTime": "1123/115003", "correlationVector":"AHJnUO3X/CoFcFnA9Ld4jP.3","action":"GetUpdates Response", "result":"Success", "context":Received 4 update(s). cV=AHJnUO3X/CoFcFnA9Ld4jP.0;server=GENERAL0300000E;cloudType=Consumer;environment=Prod_SoutheastAsia_000j;migrationStage=NotStarted}
{"logTime": "1123/115009", "correlationVector":"tuxfiZkUcjsYIwNGUEM8xe","action":"Commit Request", "result":"", "context":Item count: 2
Contributing types: Preferences, Sessions}
{"logTime": "1123/115009", "correlationVector":"tuxfiZkUcjsYIwNGUEM8xe.1","action":"SyncServerConnectionManagerRequest", "result":"SYNC_SERVER_OK", "context":{"environment":"Prod_SoutheastAsia_000j", "migrationStage":"NotStarted", "server":"GENERAL0100000F"}}
{"logTime": "1123/115009", "correlationVector":"tuxfiZkUcjsYIwNGUEM8xe.2","action":"Commit Response", "result":"Success", "context":Result: Success. cV=tuxfiZkUcjsYIwNGUEM8xe.0;server=GENERAL0100000F;cloudType=Consumer;environment=Prod_SoutheastAsia_000j;migrationStage=NotStarted}
{"logTime": "1123/115034", "correlationVector":"YXURl4Q8CuV6Ss3apk4Wru","action":"Commit Request", "result":"", "context":Item count: 40
Contributing types: Passwords}
{"logTime": "1123/115036", "correlationVector":"YXURl4Q8CuV6Ss3apk4Wru.1","action":"SyncServerConnectionManagerRequest", "result":"SYNC_SERVER_OK", "context":{"environment":"Prod_SoutheastAsia_000j", "migrationStage":"NotStarted", "server":"GENERAL0100000F"}}
{"logTime": "1123/115036", "correlationVector":"YXURl4Q8CuV6Ss3apk4Wru.2","action":"Commit Response", "result":"Success", "context":Result: Success. cV=YXURl4Q8CuV6Ss3apk4Wru.0;server=GENERAL0100000F;cloudType=Consumer;environment=Prod_SoutheastAsia_000j;migrationStage=NotStarted}
{"logTime": "1123/115036", "correlationVector":"dx1pxOqlMQustfs+xj3Lry","action":"Commit Request", "result":"", "context":Item count: 40
Contributing types: Passwords}
{"logTime": "1123/115038", "correlationVector":"dx1pxOqlMQustfs+xj3Lry.1","action":"SyncServerConnectionManagerRequest", "result":"SYNC_SERVER_OK", "context":{"environment":"Prod_SoutheastAsia_000j", "migrationStage":"NotStarted", "server":"GENERAL0100000O"}}
{"logTime": "1123/115038", "correlationVector":"dx1pxOqlMQustfs+xj3Lry.2","action":"Commit Response", "result":"Success", "context":Result: Success. cV=dx1pxOqlMQustfs+xj3Lry.0;server=GENERAL0100000O;cloudType=Consumer;environment=Prod_SoutheastAsia_000j;migrationStage=NotStarted}
{"logTime": "1123/115038", "correlationVector":"8N+xupL8qb6gGS2p0/dOFl","action":"Commit Request", "result":"", "context":Item count: 40
Contributing types: Passwords}
{"logTime": "1123/115040", "correlationVector":"8N+xupL8qb6gGS2p0/dOFl.1","action":"SyncServerConnectionManagerRequest", "result":"SYNC_SERVER_OK", "context":{"environment":"Prod_SoutheastAsia_000j", "migrationStage":"NotStarted", "server":"GENERAL0100000W"}}
{"logTime": "1123/115040", "correlationVector":"8N+xupL8qb6gGS2p0/dOFl.2","action":"Commit Response", "result":"Success", "context":Result: Success. cV=8N+xupL8qb6gGS2p0/dOFl.0;server=GENERAL0100000W;cloudType=Consumer;environment=Prod_SoutheastAsia_000j;migrationStage=NotStarted}
{"logTime": "1123/115040", "correlationVector":"HGsS++si+m41+0QXWAaY7/","action":"Commit Request", "result":"", "context":Item count: 40
Contributing types: Passwords}
{"logTime": "1123/115042", "correlationVector":"HGsS++si+m41+0QXWAaY7/.1","action":"SyncServerConnectionManagerRequest", "result":"SYNC_SERVER_OK", "context":{"environment":"Prod_SoutheastAsia_000j", "migrationStage":"NotStarted", "server":"GENERAL0100000L"}}
{"logTime": "1123/115042", "correlationVector":"HGsS++si+m41+0QXWAaY7/.2","action":"Commit Response", "result":"Success", "context":Result: Success. cV=HGsS++si+m41+0QXWAaY7/.0;server=GENERAL0100000L;cloudType=Consumer;environment=Prod_SoutheastAsia_000j;migrationStage=NotStarted}
{"logTime": "1123/115042", "correlationVector":"fC0vwTTPpe0rPbDkb1eRi2","action":"Commit Request", "result":"", "context":Item count: 40
Contributing types: Passwords}
{"logTime": "1123/115044", "correlationVector":"fC0vwTTPpe0rPbDkb1eRi2.1","action":"SyncServerConnectionManagerRequest", "result":"SYNC_SERVER_OK", "context":{"environment":"Prod_SoutheastAsia_000j", "migrationStage":"NotStarted", "server":"GENERAL0300000I"}}
{"logTime": "1123/115044", "correlationVector":"fC0vwTTPpe0rPbDkb1eRi2.2","action":"Commit Response", "result":"Success", "context":Result: Success. cV=fC0vwTTPpe0rPbDkb1eRi2.0;server=GENERAL0300000I;cloudType=Consumer;environment=Prod_SoutheastAsia_000j;migrationStage=NotStarted}
{"logTime": "1123/115044", "correlationVector":"lCrDOy0cTsmQq3EGm1mhhs","action":"Commit Request", "result":"", "context":Item count: 29
Contributing types: Preferences, Passwords}
{"logTime": "1123/115045", "correlationVector":"lCrDOy0cTsmQq3EGm1mhhs.1","action":"SyncServerConnectionManagerRequest", "result":"SYNC_SERVER_OK", "context":{"environment":"Prod_SoutheastAsia_000j", "migrationStage":"NotStarted", "server":"GENERAL0300000A"}}
{"logTime": "1123/115045", "correlationVector":"lCrDOy0cTsmQq3EGm1mhhs.2","action":"Commit Response", "result":"Success", "context":Result: Success. cV=lCrDOy0cTsmQq3EGm1mhhs.0;server=GENERAL0300000A;cloudType=Consumer;environment=Prod_SoutheastAsia_000j;migrationStage=NotStarted}
{"logTime": "1128/012337", "correlationVector":"vgZAEAG1zGzBGuGGm0vWaJ.1","action":"SyncServerConnectionManagerRequest", "result":"SYNC_SERVER_OK", "context":{"environment":"Prod_SoutheastAsia_000j", "migrationStage":"NotStarted", "server":"GENERAL0100000O"}}
{"logTime": "1128/012337", "correlationVector":"Q7CMggeyliw3+nSq/Ui3b2","action":"SyncServerConnectionManagerRequest", "result":"SYNC_SERVER_OK", "context":{"environment":"", "migrationStage":"", "server":""}}
{"logTime": "1128/012337", "correlationVector":"vgZAEAG1zGzBGuGGm0vWaJ","action":"Initial GetUpdates", "result":"", "context":Reason: NEW_CLIENT. cV=vgZAEAG1zGzBGuGGm0vWaJ}
{"logTime": "1128/012337", "correlationVector":"vgZAEAG1zGzBGuGGm0vWaJ.2","action":"GetUpdates Response", "result":"Success", "context":Received 1 update(s). cV=vgZAEAG1zGzBGuGGm0vWaJ.0;server=GENERAL0100000O;cloudType=Consumer;environment=Prod_SoutheastAsia_000j;migrationStage=NotStarted}
{"logTime": "1128/012337", "correlationVector":"t7h3THVHl0cyw6sqeaSP51","action":"Initial GetUpdates", "result":"", "context":Reason: NEWLY_SUPPORTED_DATATYPE. cV=t7h3THVHl0cyw6sqeaSP51}
{"logTime": "1128/012338", "correlationVector":"t7h3THVHl0cyw6sqeaSP51.1","action":"SyncServerConnectionManagerRequest", "result":"SYNC_SERVER_OK", "context":{"environment":"Prod_SoutheastAsia_000j", "migrationStage":"NotStarted", "server":"GENERAL0100000C"}}
{"logTime": "1128/012338", "correlationVector":"t7h3THVHl0cyw6sqeaSP51.2","action":"GetUpdates", "result":"DeleteReceived", "context":{"id":"2337fd3a-8b02-4d74-a75c-062649a16338", "isDeleted:":"true", "version":"1728388066794"}}
{"logTime": "1128/012338", "correlationVector":"t7h3THVHl0cyw6sqeaSP51.3","action":"GetUpdates", "result":"DeleteReceived", "context":{"id":"8a40c098-a885-4df1-afc7-c0191b18967c", "isDeleted:":"true", "version":"1729481624789"}}
{"logTime": "1128/012338", "correlationVector":"t7h3THVHl0cyw6sqeaSP51.4","action":"GetUpdates", "result":"DeleteReceived", "context":{"id":"257541f5-8f41-46f4-bb18-a004031a118a", "isDeleted:":"true", "version":"1730780632772"}}
{"logTime": "1128/012338", "correlationVector":"t7h3THVHl0cyw6sqeaSP51.5","action":"GetUpdates", "result":"DeleteReceived", "context":{"id":"2c7ccfb6-8f3b-4485-b5e3-b83542dfd430", "isDeleted:":"true", "version":"1732180637493"}}
{"logTime": "1128/012338", "correlationVector":"t7h3THVHl0cyw6sqeaSP51.6","action":"GetUpdates Response", "result":"Success", "context":Received 250 update(s). cV=t7h3THVHl0cyw6sqeaSP51.0;server=GENERAL0100000C;cloudType=Consumer;environment=Prod_SoutheastAsia_000j;migrationStage=NotStarted Some updates remain.}
{"logTime": "1128/012338", "correlationVector":"71ap+TL0lR39QNT6/g7cO7","action":"Initial GetUpdates", "result":"", "context":Reason: NEWLY_SUPPORTED_DATATYPE. cV=71ap+TL0lR39QNT6/g7cO7}
{"logTime": "1128/012338", "correlationVector":"71ap+TL0lR39QNT6/g7cO7.1","action":"SyncServerConnectionManagerRequest", "result":"SYNC_SERVER_OK", "context":{"environment":"Prod_SoutheastAsia_000j", "migrationStage":"NotStarted", "server":"GENERAL01000017"}}
{"logTime": "1128/012338", "correlationVector":"71ap+TL0lR39QNT6/g7cO7.2","action":"GetUpdates", "result":"DeleteReceived", "context":{"id":"95d3f3cc-de11-4ea9-a50e-b84264b88e74", "isDeleted:":"true", "version":"1732543601770"}}
{"logTime": "1128/012338", "correlationVector":"71ap+TL0lR39QNT6/g7cO7.3","action":"GetUpdates Response", "result":"Success", "context":Received 113 update(s). cV=71ap+TL0lR39QNT6/g7cO7.0;server=GENERAL01000017;cloudType=Consumer;environment=Prod_SoutheastAsia_000j;migrationStage=NotStarted}
{"logTime": "1128/012340", "correlationVector":"ryZ0OCtPpaBBTcS9iGaCAl","action":"Normal GetUpdate request", "result":"", "context":cV=ryZ0OCtPpaBBTcS9iGaCAl
Nudged types: Sessions, Device Info
Refresh requested types: Bookmarks, Preferences, Passwords, Autofill Profiles, Autofill, Typed URLs, Extensions, Sessions, Extension settings, History Delete Directives, Device Info, User Consents, Send Tab To Self, Web Apps, Collection, Edge E Drop, Edge Hub App Usage, Edge Tab Group, Edge Wallet, Encryption Keys}
{"logTime": "1128/012340", "correlationVector":"ryZ0OCtPpaBBTcS9iGaCAl.1","action":"SyncServerConnectionManagerRequest", "result":"SYNC_SERVER_OK", "context":{"environment":"Prod_SoutheastAsia_000j", "migrationStage":"NotStarted", "server":"GENERAL0300000E"}}
{"logTime": "1128/012340", "correlationVector":"ryZ0OCtPpaBBTcS9iGaCAl.2","action":"GetUpdates", "result":"DeleteReceived", "context":{"id":"6af93a2b-92bd-466d-9dd2-4b532a6585cf", "isDeleted:":"true", "version":"1732520461803"}}
{"logTime": "1128/012340", "correlationVector":"ryZ0OCtPpaBBTcS9iGaCAl.3","action":"GetUpdates", "result":"DeleteReceived", "context":{"id":"4423cd24-1525-4e2f-a1ab-b4d2169948f1", "isDeleted:":"true", "version":"1732362841759"}}
{"logTime": "1128/012340", "correlationVector":"ryZ0OCtPpaBBTcS9iGaCAl.4","action":"GetUpdates", "result":"DeleteReceived", "context":{"id":"67bbd044-0132-454e-93f4-d5840e906db2", "isDeleted:":"true", "version":"1732526804777"}}
{"logTime": "1128/012340", "correlationVector":"ryZ0OCtPpaBBTcS9iGaCAl.5","action":"GetUpdates", "result":"DeleteReceived", "context":{"id":"99eadfc0-a4d0-4cfd-a1eb-cbff35cf8985", "isDeleted:":"true", "version":"1732526804778"}}
{"logTime": "1128/012340", "correlationVector":"ryZ0OCtPpaBBTcS9iGaCAl.6","action":"GetUpdates", "result":"DeleteReceived", "context":{"id":"f1b42eb2-8aae-4ac2-907d-a5e26ae2f42c", "isDeleted:":"true", "version":"1732526804779"}}
{"logTime": "1128/012340", "correlationVector":"ryZ0OCtPpaBBTcS9iGaCAl.7","action":"GetUpdates", "result":"DeleteReceived", "context":{"id":"a8c34493-c725-44d7-b3d9-3084011f80c7", "isDeleted:":"true", "version":"1732362638087"}}
{"logTime": "1128/012340", "correlationVector":"ryZ0OCtPpaBBTcS9iGaCAl.8","action":"GetUpdates", "result":"DeleteReceived", "context":{"id":"526115f7-7eaf-4ea7-b480-28c01b42d895", "isDeleted:":"true", "version":"1732362701967"}}
{"logTime": "1128/012340", "correlationVector":"ryZ0OCtPpaBBTcS9iGaCAl.9","action":"GetUpdates", "result":"DeleteReceived", "context":{"id":"d77d5a02-15bb-4508-af42-d8bf2ce71ec6", "isDeleted:":"true", "version":"1732523758647"}}
{"logTime": "1128/012340", "correlationVector":"ryZ0OCtPpaBBTcS9iGaCAl.10","action":"GetUpdates", "result":"DeleteReceived", "context":{"id":"4e208617-f111-4592-82f6-c8daf71a7aac", "isDeleted:":"true", "version":"1732523758648"}}
{"logTime": "1128/012340", "correlationVector":"ryZ0OCtPpaBBTcS9iGaCAl.11","action":"GetUpdates", "result":"DeleteReceived", "context":{"id":"d0aca7d4-9f33-4f5f-8ff8-961441001394", "isDeleted:":"true", "version":"1732523758649"}}
{"logTime": "1128/012340", "correlationVector":"ryZ0OCtPpaBBTcS9iGaCAl.12","action":"GetUpdates", "result":"DeleteReceived", "context":{"id":"d7c94646-1346-4183-b55b-f36553dbdd23", "isDeleted:":"true", "version":"1732523758650"}}
{"logTime": "1128/012340", "correlationVector":"ryZ0OCtPpaBBTcS9iGaCAl.13","action":"GetUpdates", "result":"DeleteReceived", "context":{"id":"5b793b53-8b0a-462f-b128-1699c22910a7", "isDeleted:":"true", "version":"1732523758651"}}
{"logTime": "1128/012340", "correlationVector":"ryZ0OCtPpaBBTcS9iGaCAl.14","action":"GetUpdates", "result":"DeleteReceived", "context":{"id":"476d8e9c-a086-4f9a-99f0-7bb11b751e04", "isDeleted:":"true", "version":"1732523758652"}}
{"logTime": "1128/012340", "correlationVector":"ryZ0OCtPpaBBTcS9iGaCAl.15","action":"GetUpdates", "result":"DeleteReceived", "context":{"id":"e0384a9b-1ba7-409f-9306-98c7b4662b93", "isDeleted:":"true", "version":"1732523758655"}}
{"logTime": "1128/012340", "correlationVector":"ryZ0OCtPpaBBTcS9iGaCAl.16","action":"GetUpdates", "result":"DeleteReceived", "context":{"id":"f3215ea7-45d9-4051-bce1-f13d59a2d58f", "isDeleted:":"true", "version":"1732523758656"}}
{"logTime": "1128/012340", "correlationVector":"ryZ0OCtPpaBBTcS9iGaCAl.17","action":"GetUpdates", "result":"DeleteReceived", "context":{"id":"93255900-d95f-4527-a5d6-9010d7313ce6", "isDeleted:":"true", "version":"1732524086576"}}
{"logTime": "1128/012340", "correlationVector":"ryZ0OCtPpaBBTcS9iGaCAl.18","action":"GetUpdates", "result":"DeleteReceived", "context":{"id":"9ed5ecd7-c865-469a-8455-36ebb97a50a0", "isDeleted:":"true", "version":"1732524177773"}}
{"logTime": "1128/012340", "correlationVector":"ryZ0OCtPpaBBTcS9iGaCAl.19","action":"GetUpdates", "result":"DeleteReceived", "context":{"id":"8cc070e9-2b9a-44e2-a8a3-6cadb02a70d9", "isDeleted:":"true", "version":"1732524183482"}}
{"logTime": "1128/012340", "correlationVector":"ryZ0OCtPpaBBTcS9iGaCAl.20","action":"GetUpdates", "result":"DeleteReceived", "context":{"id":"7f1a6ae8-c790-4374-a29c-c09c20a605ff", "isDeleted:":"true", "version":"1732524979391"}}
{"logTime": "1128/012340", "correlationVector":"ryZ0OCtPpaBBTcS9iGaCAl.21","action":"GetUpdates", "result":"DeleteReceived", "context":{"id":"afc790fd-a39b-4213-9a3c-3edf42e3b41f", "isDeleted:":"true", "version":"1732526510619"}}
{"logTime": "1128/012340", "correlationVector":"ryZ0OCtPpaBBTcS9iGaCAl.22","action":"GetUpdates", "result":"DeleteReceived", "context":{"id":"6d9261d2-630f-41d8-8c0a-1806a418be40", "isDeleted:":"true", "version":"1732755896869"}}
{"logTime": "1128/012340", "correlationVector":"ryZ0OCtPpaBBTcS9iGaCAl.23","action":"GetUpdates", "result":"DeleteReceived", "context":{"id":"ace6558f-86f7-4974-9d66-524e61218df1", "isDeleted:":"true", "version":"1732755896870"}}
{"logTime": "1128/012340", "correlationVector":"ryZ0OCtPpaBBTcS9iGaCAl.24","action":"GetUpdates", "result":"DeleteReceived", "context":{"id":"e29cd0b6-2c75-45d6-93e8-dfe44e8890e3", "isDeleted:":"true", "version":"1732755896871"}}
{"logTime": "1128/012340", "correlationVector":"ryZ0OCtPpaBBTcS9iGaCAl.25","action":"GetUpdates", "result":"DeleteReceived", "context":{"id":"3a0d644e-db7a-4dc2-af73-c18d6dcfb863", "isDeleted:":"true", "version":"1732755896873"}}
{"logTime": "1128/012340", "correlationVector":"ryZ0OCtPpaBBTcS9iGaCAl.26","action":"GetUpdates", "result":"DeleteReceived", "context":{"id":"fc8aad29-be67-42e2-be8f-701196437eae", "isDeleted:":"true", "version":"1732756165770"}}
{"logTime": "1128/012340", "correlationVector":"ryZ0OCtPpaBBTcS9iGaCAl.27","action":"GetUpdates", "result":"DeleteReceived", "context":{"id":"64caf4ce-0b99-4c12-9de3-db7c11ce9f5a", "isDeleted:":"true", "version":"1732756435191"}}
{"logTime": "1128/012340", "correlationVector":"ryZ0OCtPpaBBTcS9iGaCAl.28","action":"GetUpdates", "result":"DeleteReceived", "context":{"id":"b615b2b8-b6f6-478b-b3f9-b175e373fd2b", "isDeleted:":"true", "version":"1732756543759"}}
{"logTime": "1128/012340", "correlationVector":"ryZ0OCtPpaBBTcS9iGaCAl.29","action":"GetUpdates", "result":"DeleteReceived", "context":{"id":"e4834517-37db-497a-9007-7107704345de", "isDeleted:":"true", "version":"1732756807491"}}
{"logTime": "1128/012340", "correlationVector":"ryZ0OCtPpaBBTcS9iGaCAl.30","action":"GetUpdates", "result":"DeleteReceived", "context":{"id":"521b2bde-5150-4b3f-b81c-6b27f6fa466a", "isDeleted:":"true", "version":"1732756989377"}}
{"logTime": "1128/012340", "correlationVector":"ryZ0OCtPpaBBTcS9iGaCAl.31","action":"GetUpdates", "result":"DeleteReceived", "context":{"id":"ccdf074a-0423-4e95-bc55-034f0d3018fb", "isDeleted:":"true", "version":"1732756989378"}}
{"logTime": "1128/012340", "correlationVector":"ryZ0OCtPpaBBTcS9iGaCAl.32","action":"GetUpdates Response", "result":"Success", "context":Received 65 update(s). cV=ryZ0OCtPpaBBTcS9iGaCAl.0;server=GENERAL0300000E;cloudType=Consumer;environment=Prod_SoutheastAsia_000j;migrationStage=NotStarted}
{"logTime": "1128/012340", "correlationVector":"9pK1J0exyN64QZih0xHw3l","action":"Commit Request", "result":"", "context":Item count: 4
Contributing types: Sessions, Device Info}
{"logTime": "1128/012341", "correlationVector":"9pK1J0exyN64QZih0xHw3l.1","action":"SyncServerConnectionManagerRequest", "result":"SYNC_SERVER_OK", "context":{"environment":"Prod_SoutheastAsia_000j", "migrationStage":"NotStarted", "server":"GENERAL0300000W"}}
{"logTime": "1128/012341", "correlationVector":"9pK1J0exyN64QZih0xHw3l.3","action":"Commit.Sessions", "result":"Success", "context":{"id":"63979ec2-358a-4476-990f-20c0691f4d88", "isDeleted":"true", "size":"0", "version":"1732362610142"}}
{"logTime": "1128/012341", "correlationVector":"9pK1J0exyN64QZih0xHw3l.2","action":"Commit Response", "result":"Success", "context":Result: Success. cV=9pK1J0exyN64QZih0xHw3l.0;server=GENERAL0300000W;cloudType=Consumer;environment=Prod_SoutheastAsia_000j;migrationStage=NotStarted}
{"logTime": "1128/012341", "correlationVector":"YMu7+j/+9n/5hKd4rdTrZQ","action":"Poll GetUpdate request", "result":"", "context":cV=YMu7+j/+9n/5hKd4rdTrZQ}
{"logTime": "1128/012341", "correlationVector":"YMu7+j/+9n/5hKd4rdTrZQ.1","action":"SyncServerConnectionManagerRequest", "result":"SYNC_SERVER_OK", "context":{"environment":"Prod_SoutheastAsia_000j", "migrationStage":"NotStarted", "server":"GENERAL01000006"}}
{"logTime": "1128/012341", "correlationVector":"YMu7+j/+9n/5hKd4rdTrZQ.2","action":"GetUpdates", "result":"DeleteReceived", "context":{"id":"63979ec2-358a-4476-990f-20c0691f4d88", "isDeleted:":"true", "version":"1732757015562"}}
{"logTime": "1128/012341", "correlationVector":"YMu7+j/+9n/5hKd4rdTrZQ.3","action":"GetUpdates Response", "result":"Success", "context":Received 4 update(s). cV=YMu7+j/+9n/5hKd4rdTrZQ.0;server=GENERAL01000006;cloudType=Consumer;environment=Prod_SoutheastAsia_000j;migrationStage=NotStarted}
{"logTime": "1128/012347", "correlationVector":"LwRpyU2/eltoXZ7IjK1Fw4","action":"Commit Request", "result":"", "context":Item count: 2
Contributing types: Preferences, Sessions}
{"logTime": "1128/012348", "correlationVector":"LwRpyU2/eltoXZ7IjK1Fw4.1","action":"SyncServerConnectionManagerRequest", "result":"SYNC_SERVER_OK", "context":{"environment":"Prod_SoutheastAsia_000j", "migrationStage":"NotStarted", "server":"GENERAL0300002D"}}
{"logTime": "1128/012348", "correlationVector":"LwRpyU2/eltoXZ7IjK1Fw4.2","action":"Commit Response", "result":"Success", "context":Result: Success. cV=LwRpyU2/eltoXZ7IjK1Fw4.0;server=GENERAL0300002D;cloudType=Consumer;environment=Prod_SoutheastAsia_000j;migrationStage=NotStarted}
{"logTime": "1128/012409", "correlationVector":"ECi30IEOTL+OMCgEZikwcf","action":"Commit Request", "result":"", "context":Item count: 40
Contributing types: Passwords}
{"logTime": "1128/012411", "correlationVector":"ECi30IEOTL+OMCgEZikwcf.1","action":"SyncServerConnectionManagerRequest", "result":"SYNC_SERVER_OK", "context":{"environment":"Prod_SoutheastAsia_000j", "migrationStage":"NotStarted", "server":"GENERAL03000025"}}
{"logTime": "1128/012411", "correlationVector":"ECi30IEOTL+OMCgEZikwcf.2","action":"Commit Response", "result":"Success", "context":Result: Success. cV=ECi30IEOTL+OMCgEZikwcf.0;server=GENERAL03000025;cloudType=Consumer;environment=Prod_SoutheastAsia_000j;migrationStage=NotStarted}
{"logTime": "1128/012411", "correlationVector":"3nt5kstdo21cvY96uO/QJ9","action":"Commit Request", "result":"", "context":Item count: 40
Contributing types: Passwords}
{"logTime": "1128/012414", "correlationVector":"3nt5kstdo21cvY96uO/QJ9.1","action":"SyncServerConnectionManagerRequest", "result":"SYNC_SERVER_OK", "context":{"environment":"Prod_SoutheastAsia_000j", "migrationStage":"NotStarted", "server":"GENERAL01000014"}}
{"logTime": "1128/012414", "correlationVector":"3nt5kstdo21cvY96uO/QJ9.2","action":"Commit Response", "result":"Success", "context":Result: Success. cV=3nt5kstdo21cvY96uO/QJ9.0;server=GENERAL01000014;cloudType=Consumer;environment=Prod_SoutheastAsia_000j;migrationStage=NotStarted}
{"logTime": "1128/012414", "correlationVector":"09QgmkqGbRM6EoJ2M3xWfH","action":"Commit Request", "result":"", "context":Item count: 40
Contributing types: Passwords}
{"logTime": "1128/012415", "correlationVector":"09QgmkqGbRM6EoJ2M3xWfH.1","action":"SyncServerConnectionManagerRequest", "result":"SYNC_SERVER_OK", "context":{"environment":"Prod_SoutheastAsia_000j", "migrationStage":"NotStarted", "server":"GENERAL01000013"}}
{"logTime": "1128/012415", "correlationVector":"09QgmkqGbRM6EoJ2M3xWfH.2","action":"Commit Response", "result":"Success", "context":Result: Success. cV=09QgmkqGbRM6EoJ2M3xWfH.0;server=GENERAL01000013;cloudType=Consumer;environment=Prod_SoutheastAsia_000j;migrationStage=NotStarted}
{"logTime": "1128/012415", "correlationVector":"iQRDw/fwgZj0DgOtYwxIej","action":"Commit Request", "result":"", "context":Item count: 40
Contributing types: Passwords}
{"logTime": "1128/012417", "correlationVector":"iQRDw/fwgZj0DgOtYwxIej.1","action":"SyncServerConnectionManagerRequest", "result":"SYNC_SERVER_OK", "context":{"environment":"Prod_SoutheastAsia_000j", "migrationStage":"NotStarted", "server":"GENERAL0300000Z"}}
{"logTime": "1128/012417", "correlationVector":"iQRDw/fwgZj0DgOtYwxIej.2","action":"Commit Response", "result":"Success", "context":Result: Success. cV=iQRDw/fwgZj0DgOtYwxIej.0;server=GENERAL0300000Z;cloudType=Consumer;environment=Prod_SoutheastAsia_000j;migrationStage=NotStarted}
{"logTime": "1128/012417", "correlationVector":"Cj1OvHovslw4i+CGtxcOc/","action":"Commit Request", "result":"", "context":Item count: 40
Contributing types: Passwords}
{"logTime": "1128/012419", "correlationVector":"Cj1OvHovslw4i+CGtxcOc/.1","action":"SyncServerConnectionManagerRequest", "result":"SYNC_SERVER_OK", "context":{"environment":"Prod_SoutheastAsia_000j", "migrationStage":"NotStarted", "server":"GENERAL01000010"}}
{"logTime": "1128/012419", "correlationVector":"Cj1OvHovslw4i+CGtxcOc/.2","action":"Commit Response", "result":"Success", "context":Result: Success. cV=Cj1OvHovslw4i+CGtxcOc/.0;server=GENERAL01000010;cloudType=Consumer;environment=Prod_SoutheastAsia_000j;migrationStage=NotStarted}
{"logTime": "1128/012419", "correlationVector":"349bUDuWU3U5Xz3rtgHEDR","action":"Commit Request", "result":"", "context":Item count: 33
Contributing types: Preferences, Passwords}
{"logTime": "1128/012421", "correlationVector":"349bUDuWU3U5Xz3rtgHEDR.1","action":"SyncServerConnectionManagerRequest", "result":"SYNC_SERVER_OK", "context":{"environment":"Prod_SoutheastAsia_000j", "migrationStage":"NotStarted", "server":"GENERAL01000009"}}
{"logTime": "1128/012421", "correlationVector":"349bUDuWU3U5Xz3rtgHEDR.2","action":"Commit Response", "result":"Success", "context":Result: Success. cV=349bUDuWU3U5Xz3rtgHEDR.0;server=GENERAL01000009;cloudType=Consumer;environment=Prod_SoutheastAsia_000j;migrationStage=NotStarted}
{"logTime": "1128/012434", "correlationVector":"zCXX9eepYiC+8DW6vsnuYw","action":"Commit Request", "result":"", "context":Item count: 1
Contributing types: Preferences}
{"logTime": "1128/012435", "correlationVector":"zCXX9eepYiC+8DW6vsnuYw.1","action":"SyncServerConnectionManagerRequest", "result":"SYNC_SERVER_OK", "context":{"environment":"Prod_SoutheastAsia_000j", "migrationStage":"NotStarted", "server":"GENERAL0300002W"}}
{"logTime": "1128/012435", "correlationVector":"zCXX9eepYiC+8DW6vsnuYw.2","action":"Commit Response", "result":"Success", "context":Result: Success. cV=zCXX9eepYiC+8DW6vsnuYw.0;server=GENERAL0300002W;cloudType=Consumer;environment=Prod_SoutheastAsia_000j;migrationStage=NotStarted}
{"logTime": "1128/012834", "correlationVector":"9kKLkr/MRex50DsY82fO6r","action":"Normal GetUpdate request", "result":"", "context":cV=9kKLkr/MRex50DsY82fO6r
Nudged types: Preferences
Refresh requested types: Bookmarks, Preferences, Passwords, Autofill Profiles, Autofill, Typed URLs, Extensions, Sessions, Extension settings, History Delete Directives, Device Info, User Consents, Send Tab To Self, Web Apps, Collection, Edge E Drop, Edge Hub App Usage, Edge Tab Group, Edge Wallet, Encryption Keys}
{"logTime": "1128/012834", "correlationVector":"9kKLkr/MRex50DsY82fO6r.1","action":"SyncServerConnectionManagerRequest", "result":"SYNC_SERVER_OK", "context":{"environment":"Prod_SoutheastAsia_000j", "migrationStage":"NotStarted", "server":"GENERAL0300002L"}}
{"logTime": "1128/012834", "correlationVector":"9kKLkr/MRex50DsY82fO6r.2","action":"GetUpdates", "result":"DeleteReceived", "context":{"id":"a9219916-c6c2-4a7c-9e4c-6847ff5e317b", "isDeleted:":"true", "version":"1732757016410"}}
{"logTime": "1128/012834", "correlationVector":"9kKLkr/MRex50DsY82fO6r.3","action":"GetUpdates Response", "result":"Success", "context":Received 240 update(s). cV=9kKLkr/MRex50DsY82fO6r.0;server=GENERAL0300002L;cloudType=Consumer;environment=Prod_SoutheastAsia_000j;migrationStage=NotStarted}
{"logTime": "1128/012834", "correlationVector":"ZcYOINqu/EbiTecmLG94TD","action":"Commit Request", "result":"", "context":Item count: 1
Contributing types: Preferences}
{"logTime": "1128/012835", "correlationVector":"ZcYOINqu/EbiTecmLG94TD.1","action":"SyncServerConnectionManagerRequest", "result":"SYNC_SERVER_OK", "context":{"environment":"Prod_SoutheastAsia_000j", "migrationStage":"NotStarted", "server":"GENERAL0300002D"}}
{"logTime": "1128/012835", "correlationVector":"ZcYOINqu/EbiTecmLG94TD.3","action":"Commit.Preferences", "result":"Success", "context":{"id":"da3793f7-9428-4e3e-97e3-e80fd9308921", "isDeleted":"true", "size":"0", "version":"1732757069238"}}
{"logTime": "1128/012835", "correlationVector":"ZcYOINqu/EbiTecmLG94TD.2","action":"Commit Response", "result":"Success", "context":Result: Success. cV=ZcYOINqu/EbiTecmLG94TD.0;server=GENERAL0300002D;cloudType=Consumer;environment=Prod_SoutheastAsia_000j;migrationStage=NotStarted}
{"logTime": "1210/032808", "correlationVector":"T4aJVEXjM/0nsLJruVYoiY.1","action":"SyncServerConnectionManagerRequest", "result":"SYNC_SERVER_OK", "context":{"environment":"Prod_southeastasia_prod-s01-064-apac-southeastasia", "migrationStage":"NotStarted", "server":"akswtt002000035"}}
{"logTime": "1210/032809", "correlationVector":"dgtx+icWMEb/2tuQ90P/WS","action":"SyncServerConnectionManagerRequest", "result":"SYNC_SERVER_OK", "context":{"environment":"", "migrationStage":"", "server":""}}
{"logTime": "1210/032809", "correlationVector":"T4aJVEXjM/0nsLJruVYoiY","action":"Initial GetUpdates", "result":"", "context":Reason: NEW_CLIENT. cV=T4aJVEXjM/0nsLJruVYoiY}
{"logTime": "1210/032809", "correlationVector":"T4aJVEXjM/0nsLJruVYoiY.2","action":"GetUpdates Response", "result":"Success", "context":Received 1 update(s). cV=T4aJVEXjM/0nsLJruVYoiY.0;server=akswtt002000035;cloudType=Consumer;environment=Prod_southeastasia_prod-s01-064-apac-southeastasia;migrationStage=NotStarted}
{"logTime": "1210/032809", "correlationVector":"fkTWo8k8Z8Ra/CdkIx5iHY","action":"Initial GetUpdates", "result":"", "context":Reason: NEWLY_SUPPORTED_DATATYPE. cV=fkTWo8k8Z8Ra/CdkIx5iHY}
{"logTime": "1210/032810", "correlationVector":"fkTWo8k8Z8Ra/CdkIx5iHY.1","action":"SyncServerConnectionManagerRequest", "result":"SYNC_SERVER_OK", "context":{"environment":"Prod_southeastasia_prod-s01-064-apac-southeastasia", "migrationStage":"NotStarted", "server":"akswtt00200002w"}}
{"logTime": "1210/032810", "correlationVector":"fkTWo8k8Z8Ra/CdkIx5iHY.2","action":"GetUpdates", "result":"DeleteReceived", "context":{"id":"2337fd3a-8b02-4d74-a75c-062649a16338", "isDeleted:":"true", "version":"1728388066794"}}
{"logTime": "1210/032810", "correlationVector":"fkTWo8k8Z8Ra/CdkIx5iHY.3","action":"GetUpdates", "result":"DeleteReceived", "context":{"id":"8a40c098-a885-4df1-afc7-c0191b18967c", "isDeleted:":"true", "version":"1729481624789"}}
{"logTime": "1210/032810", "correlationVector":"fkTWo8k8Z8Ra/CdkIx5iHY.4","action":"GetUpdates", "result":"DeleteReceived", "context":{"id":"257541f5-8f41-46f4-bb18-a004031a118a", "isDeleted:":"true", "version":"1730780632772"}}
{"logTime": "1210/032810", "correlationVector":"fkTWo8k8Z8Ra/CdkIx5iHY.5","action":"GetUpdates", "result":"DeleteReceived", "context":{"id":"2c7ccfb6-8f3b-4485-b5e3-b83542dfd430", "isDeleted:":"true", "version":"1732180637493"}}
{"logTime": "1210/032810", "correlationVector":"fkTWo8k8Z8Ra/CdkIx5iHY.6","action":"GetUpdates", "result":"DeleteReceived", "context":{"id":"95d3f3cc-de11-4ea9-a50e-b84264b88e74", "isDeleted:":"true", "version":"1732543601770"}}
{"logTime": "1210/032810", "correlationVector":"fkTWo8k8Z8Ra/CdkIx5iHY.7","action":"GetUpdates Response", "result":"Success", "context":Received 250 update(s). cV=fkTWo8k8Z8Ra/CdkIx5iHY.0;server=akswtt00200002w;cloudType=Consumer;environment=Prod_southeastasia_prod-s01-064-apac-southeastasia;migrationStage=NotStarted Some updates remain.}
{"logTime": "1210/032810", "correlationVector":"ahg5R1ptPAQUGlpe4GlC1h","action":"Initial GetUpdates", "result":"", "context":Reason: NEWLY_SUPPORTED_DATATYPE. cV=ahg5R1ptPAQUGlpe4GlC1h}
{"logTime": "1210/032810", "correlationVector":"ahg5R1ptPAQUGlpe4GlC1h.1","action":"SyncServerConnectionManagerRequest", "result":"SYNC_SERVER_OK", "context":{"environment":"Prod_southeastasia_prod-s01-064-apac-southeastasia", "migrationStage":"NotStarted", "server":"akswtt00200000z"}}
{"logTime": "1210/032810", "correlationVector":"ahg5R1ptPAQUGlpe4GlC1h.2","action":"GetUpdates Response", "result":"Success", "context":Received 114 update(s). cV=ahg5R1ptPAQUGlpe4GlC1h.0;server=akswtt00200000z;cloudType=Consumer;environment=Prod_southeastasia_prod-s01-064-apac-southeastasia;migrationStage=NotStarted}
{"logTime": "1210/032812", "correlationVector":"E4eyEBfPMDFnGmHAttK/LW","action":"Normal GetUpdate request", "result":"", "context":cV=E4eyEBfPMDFnGmHAttK/LW
Refresh requested types: Bookmarks, Passwords, Autofill Profiles, Autofill, Typed URLs, Edge Wallet, Encryption Keys}
{"logTime": "1210/032813", "correlationVector":"E4eyEBfPMDFnGmHAttK/LW.1","action":"SyncServerConnectionManagerRequest", "result":"SYNC_SERVER_OK", "context":{"environment":"Prod_southeastasia_prod-s01-064-apac-southeastasia", "migrationStage":"NotStarted", "server":"akswtt00200000z"}}
{"logTime": "1210/032813", "correlationVector":"E4eyEBfPMDFnGmHAttK/LW.2","action":"GetUpdates", "result":"DeleteReceived", "context":{"id":"cd681086-4b6f-447c-a6b1-a87852a71096", "isDeleted:":"true", "version":"1732765635876"}}
{"logTime": "1210/032813", "correlationVector":"E4eyEBfPMDFnGmHAttK/LW.3","action":"GetUpdates", "result":"DeleteReceived", "context":{"id":"4d463c81-7eaa-4474-9228-e19048cf02b3", "isDeleted:":"true", "version":"1732765635877"}}
{"logTime": "1210/032813", "correlationVector":"E4eyEBfPMDFnGmHAttK/LW.4","action":"GetUpdates", "result":"DeleteReceived", "context":{"id":"6ed5666d-34f3-42e7-acc4-7aa627a710da", "isDeleted:":"true", "version":"1733280051045"}}
{"logTime": "1210/032813", "correlationVector":"E4eyEBfPMDFnGmHAttK/LW.5","action":"GetUpdates", "result":"DeleteReceived", "context":{"id":"b511a9c4-4c92-43b6-bff6-fb9a52c00720", "isDeleted:":"true", "version":"1733289915143"}}
{"logTime": "1210/032813", "correlationVector":"E4eyEBfPMDFnGmHAttK/LW.6","action":"GetUpdates", "result":"DeleteReceived", "context":{"id":"9dc6f4d2-b1bb-4067-8ae7-547f5850fdae", "isDeleted:":"true", "version":"1733297372149"}}
{"logTime": "1210/032813", "correlationVector":"E4eyEBfPMDFnGmHAttK/LW.7","action":"GetUpdates", "result":"DeleteReceived", "context":{"id":"4f1750c0-e871-4fbe-99d5-87acddcef2c7", "isDeleted:":"true", "version":"1733297372150"}}
{"logTime": "1210/032813", "correlationVector":"E4eyEBfPMDFnGmHAttK/LW.8","action":"GetUpdates", "result":"DeleteReceived", "context":{"id":"5b1f6b7e-8e02-4fb4-a940-e97642b6b42f", "isDeleted:":"true", "version":"1733297372151"}}
{"logTime": "1210/032813", "correlationVector":"E4eyEBfPMDFnGmHAttK/LW.9","action":"GetUpdates", "result":"DeleteReceived", "context":{"id":"600275bb-eed3-431c-80ad-3a043945b01a", "isDeleted:":"true", "version":"1733321907418"}}
{"logTime": "1210/032813", "correlationVector":"E4eyEBfPMDFnGmHAttK/LW.10","action":"GetUpdates", "result":"DeleteReceived", "context":{"id":"570755e5-e2c5-4fb7-b4db-937e073187a9", "isDeleted:":"true", "version":"1733370241319"}}
{"logTime": "1210/032813", "correlationVector":"E4eyEBfPMDFnGmHAttK/LW.11","action":"GetUpdates", "result":"DeleteReceived", "context":{"id":"d071c520-beb3-47ed-a467-8ddb5c805ce6", "isDeleted:":"true", "version":"1733371331644"}}
{"logTime": "1210/032813", "correlationVector":"E4eyEBfPMDFnGmHAttK/LW.12","action":"GetUpdates Response", "result":"Success", "context":Received 36 update(s). cV=E4eyEBfPMDFnGmHAttK/LW.0;server=akswtt00200000z;cloudType=Consumer;environment=Prod_southeastasia_prod-s01-064-apac-southeastasia;migrationStage=NotStarted}
{"logTime": "1210/032813", "correlationVector":"vYjLPhH06jmUAch4MZSIW2","action":"DoCompareDataConsistency requsted types: ", "result":"Bookmarks, Passwords, Typed URLs, Edge Wallet, Encryption Keys"}
{"logTime": "1210/032813", "correlationVector":"vYjLPhH06jmUAch4MZSIW2.0","action":"CompareDataConsistency result: ", "result":"Compare result: Encryption Keys is consistent. local entities count is: 1 local entities hash is: 1jKSW6IADp0e6aBtFqV++xI4iNY="}
{"logTime": "1210/032813", "correlationVector":"vYjLPhH06jmUAch4MZSIW2.1","action":"CompareDataConsistency result: ", "result":"Compare result: Bookmarks is consistent. local entities count is: 142 local entities hash is: TKKINnEODP5ySCAUKIx6OWUrbRQ="}
{"logTime": "1210/032813", "correlationVector":"vYjLPhH06jmUAch4MZSIW2.2","action":"CompareDataConsistency result: ", "result":"Server did not send this Typed URLs local entities count is: 0 local entities hash is: "}
{"logTime": "1210/032813", "correlationVector":"vYjLPhH06jmUAch4MZSIW2.3","action":"CompareDataConsistency result: ", "result":"Compare result: Edge Wallet is consistent. local entities count is: 0 local entities hash is: "}
{"logTime": "1210/032813", "correlationVector":"vYjLPhH06jmUAch4MZSIW2.4","action":"CompareDataConsistency result: ", "result":"Compare result: Passwords is consistent. local entities count is: 359 local entities hash is: D3LHXsmub84NadR3+th4Ycl+eP0="}
{"logTime": "1210/032813", "correlationVector":"ia1o43MyzwxCemOf6WfH+j","action":"Poll GetUpdate request", "result":"", "context":cV=ia1o43MyzwxCemOf6WfH+j}
{"logTime": "1210/032813", "correlationVector":"ia1o43MyzwxCemOf6WfH+j.1","action":"SyncServerConnectionManagerRequest", "result":"SYNC_SERVER_OK", "context":{"environment":"Prod_southeastasia_prod-s01-064-apac-southeastasia", "migrationStage":"NotStarted", "server":"akswtt00200008f"}}
{"logTime": "1210/032813", "correlationVector":"ia1o43MyzwxCemOf6WfH+j.2","action":"GetUpdates Response", "result":"Success", "context":Received 0 update(s). cV=ia1o43MyzwxCemOf6WfH+j.0;server=akswtt00200008f;cloudType=Consumer;environment=Prod_southeastasia_prod-s01-064-apac-southeastasia;migrationStage=NotStarted}
{"logTime": "1210/032813", "correlationVector":"","action":"DIAGNOSTIC_REQUEST|v1/diagnosticData/Diagnostic.SendCheckResult()|SUCCESS", "result":""}
{"logTime": "1210/032842", "correlationVector":"yUMetAGk6lPbhFZQKIhYw+","action":"Commit Request", "result":"", "context":Item count: 40
Contributing types: Passwords}
{"logTime": "1210/032844", "correlationVector":"yUMetAGk6lPbhFZQKIhYw+.1","action":"SyncServerConnectionManagerRequest", "result":"SYNC_SERVER_OK", "context":{"environment":"Prod_southeastasia_prod-s01-064-apac-southeastasia", "migrationStage":"NotStarted", "server":"akswtt00200003b"}}
{"logTime": "1210/032844", "correlationVector":"yUMetAGk6lPbhFZQKIhYw+.2","action":"Commit Response", "result":"Success", "context":Result: Success. cV=yUMetAGk6lPbhFZQKIhYw+.0;server=akswtt00200003b;cloudType=Consumer;environment=Prod_southeastasia_prod-s01-064-apac-southeastasia;migrationStage=NotStarted}
{"logTime": "1210/032844", "correlationVector":"k7JHmdrzU1p423Of+YmtZI","action":"Commit Request", "result":"", "context":Item count: 40
Contributing types: Passwords}
{"logTime": "1210/032846", "correlationVector":"k7JHmdrzU1p423Of+YmtZI.1","action":"SyncServerConnectionManagerRequest", "result":"SYNC_SERVER_OK", "context":{"environment":"Prod_southeastasia_prod-s01-064-apac-southeastasia", "migrationStage":"NotStarted", "server":"akswtt002000077"}}
{"logTime": "1210/032846", "correlationVector":"k7JHmdrzU1p423Of+YmtZI.2","action":"Commit Response", "result":"Success", "context":Result: Success. cV=k7JHmdrzU1p423Of+YmtZI.0;server=akswtt002000077;cloudType=Consumer;environment=Prod_southeastasia_prod-s01-064-apac-southeastasia;migrationStage=NotStarted}
{"logTime": "1210/032846", "correlationVector":"nHBK0FeCXqDpP/jyZgXmpY","action":"Commit Request", "result":"", "context":Item count: 40
Contributing types: Passwords}
{"logTime": "1210/032848", "correlationVector":"nHBK0FeCXqDpP/jyZgXmpY.1","action":"SyncServerConnectionManagerRequest", "result":"SYNC_SERVER_OK", "context":{"environment":"Prod_southeastasia_prod-s01-064-apac-southeastasia", "migrationStage":"NotStarted", "server":"akswtt00200008h"}}
{"logTime": "1210/032848", "correlationVector":"nHBK0FeCXqDpP/jyZgXmpY.2","action":"Commit Response", "result":"Success", "context":Result: Success. cV=nHBK0FeCXqDpP/jyZgXmpY.0;server=akswtt00200008h;cloudType=Consumer;environment=Prod_southeastasia_prod-s01-064-apac-southeastasia;migrationStage=NotStarted}
{"logTime": "1210/032848", "correlationVector":"V7WF+tE4h3yu/IVFIaIlLm","action":"Commit Request", "result":"", "context":Item count: 40
Contributing types: Passwords}
{"logTime": "1210/032850", "correlationVector":"V7WF+tE4h3yu/IVFIaIlLm.1","action":"SyncServerConnectionManagerRequest", "result":"SYNC_SERVER_OK", "context":{"environment":"Prod_southeastasia_prod-s01-064-apac-southeastasia", "migrationStage":"NotStarted", "server":"akswtt002000001"}}
{"logTime": "1210/032850", "correlationVector":"V7WF+tE4h3yu/IVFIaIlLm.2","action":"Commit Response", "result":"Success", "context":Result: Success. cV=V7WF+tE4h3yu/IVFIaIlLm.0;server=akswtt002000001;cloudType=Consumer;environment=Prod_southeastasia_prod-s01-064-apac-southeastasia;migrationStage=NotStarted}
{"logTime": "1210/032850", "correlationVector":"ffCvY9oZy0GWFChupUIJQD","action":"Commit Request", "result":"", "context":Item count: 40
Contributing types: Passwords}
{"logTime": "1210/032852", "correlationVector":"ffCvY9oZy0GWFChupUIJQD.1","action":"SyncServerConnectionManagerRequest", "result":"SYNC_SERVER_OK", "context":{"environment":"Prod_southeastasia_prod-s01-064-apac-southeastasia", "migrationStage":"NotStarted", "server":"akswtt00200006y"}}
{"logTime": "1210/032852", "correlationVector":"ffCvY9oZy0GWFChupUIJQD.2","action":"Commit Response", "result":"Success", "context":Result: Success. cV=ffCvY9oZy0GWFChupUIJQD.0;server=akswtt00200006y;cloudType=Consumer;environment=Prod_southeastasia_prod-s01-064-apac-southeastasia;migrationStage=NotStarted}
{"logTime": "1210/032852", "correlationVector":"4yhBrhgvyawI7Hz+Imxp43","action":"Commit Request", "result":"", "context":Item count: 33
Contributing types: Passwords}
{"logTime": "1210/032854", "correlationVector":"4yhBrhgvyawI7Hz+Imxp43.1","action":"SyncServerConnectionManagerRequest", "result":"SYNC_SERVER_OK", "context":{"environment":"Prod_southeastasia_prod-s01-064-apac-southeastasia", "migrationStage":"NotStarted", "server":"akswtt00200001r"}}
{"logTime": "1210/032854", "correlationVector":"4yhBrhgvyawI7Hz+Imxp43.2","action":"Commit Response", "result":"Success", "context":Result: Success. cV=4yhBrhgvyawI7Hz+Imxp43.0;server=akswtt00200001r;cloudType=Consumer;environment=Prod_southeastasia_prod-s01-064-apac-southeastasia;migrationStage=NotStarted}
{"logTime": "1210/033305", "correlationVector":"ZCTx/HCiMR4ygSJ/pkWA5e","action":"Normal GetUpdate request", "result":"", "context":cV=ZCTx/HCiMR4ygSJ/pkWA5e
Refresh requested types: Bookmarks, Passwords, Autofill Profiles, Autofill, Typed URLs, Edge Wallet, Encryption Keys}
{"logTime": "1210/033307", "correlationVector":"ZCTx/HCiMR4ygSJ/pkWA5e.1","action":"SyncServerConnectionManagerRequest", "result":"SYNC_SERVER_OK", "context":{"environment":"Prod_southeastasia_prod-s01-064-apac-southeastasia", "migrationStage":"NotStarted", "server":"akswtt00200006l"}}
{"logTime": "1210/033307", "correlationVector":"ZCTx/HCiMR4ygSJ/pkWA5e.2","action":"GetUpdates Response", "result":"Success", "context":Received 233 update(s). cV=ZCTx/HCiMR4ygSJ/pkWA5e.0;server=akswtt00200006l;cloudType=Consumer;environment=Prod_southeastasia_prod-s01-064-apac-southeastasia;migrationStage=NotStarted}
