2024-11-21 01:19:52.972: [INFO][Sync] Reset engine, reason: 8
2024-11-21 01:19:52.972: [INFO][Sync] Stopped: Bookmarks
2024-11-21 01:19:52.972: [INFO][Sync] Stopped: Preferences
2024-11-21 01:19:52.972: [INFO][Sync] Stopped: Passwords
2024-11-21 01:19:52.972: [INFO][Sync] Stopped: Autofill Profiles
2024-11-21 01:19:52.972: [INFO][Sync] Stopped: Autofill
2024-11-21 01:19:52.972: [INFO][Sync] Stopped: Typed URLs
2024-11-21 01:19:52.972: [INFO][Sync] Stopped: Extensions
2024-11-21 01:19:52.972: [INFO][Sync] Stopped: Sessions
2024-11-21 01:19:52.972: [INFO][Sync] Stopped: Extension settings
2024-11-21 01:19:52.972: [INFO][Sync] Stopped: History Delete Directives
2024-11-21 01:19:52.973: [INFO][Sync] Stopped: Device Info
2024-11-21 01:19:52.973: [INFO][Sync] Stopped: User Consents
2024-11-21 01:19:52.973: [INFO][Sync] Stopped: Send Tab To Self
2024-11-21 01:19:52.973: [INFO][Sync] Stopped: Web Apps
2024-11-21 01:19:52.973: [INFO][Sync] Stopped: History
2024-11-21 01:19:52.973: [INFO][Sync] Stopped: Collection
2024-11-21 01:19:52.973: [INFO][Sync] Stopped: Edge E Drop
2024-11-21 01:19:52.973: [INFO][Sync] Stopped: Edge Hub App Usage
2024-11-21 01:19:52.973: [INFO][Sync] Stopped: Edge Tab Group
2024-11-21 01:19:52.973: [INFO][Sync] Stopped: Edge Wallet
2024-11-21 01:19:52.973: [INFO][Sync] SyncState after authenticated was: NotSignedIn
2024-11-21 01:19:54.129: [INFO][Sync] Reset engine, reason: 8
2024-11-21 01:19:54.129: [INFO][Sync] Stopped: Bookmarks
2024-11-21 01:19:54.129: [INFO][Sync] Stopped: Preferences
2024-11-21 01:19:54.129: [INFO][Sync] Stopped: Passwords
2024-11-21 01:19:54.129: [INFO][Sync] Stopped: Autofill Profiles
2024-11-21 01:19:54.129: [INFO][Sync] Stopped: Autofill
2024-11-21 01:19:54.129: [INFO][Sync] Stopped: Typed URLs
2024-11-21 01:19:54.129: [INFO][Sync] Stopped: Extensions
2024-11-21 01:19:54.129: [INFO][Sync] Stopped: Sessions
2024-11-21 01:19:54.129: [INFO][Sync] Stopped: Extension settings
2024-11-21 01:19:54.129: [INFO][Sync] Stopped: History Delete Directives
2024-11-21 01:19:54.129: [INFO][Sync] Stopped: Device Info
2024-11-21 01:19:54.129: [INFO][Sync] Stopped: User Consents
2024-11-21 01:19:54.129: [INFO][Sync] Stopped: Send Tab To Self
2024-11-21 01:19:54.129: [INFO][Sync] Stopped: Web Apps
2024-11-21 01:19:54.129: [INFO][Sync] Stopped: History
2024-11-21 01:19:54.129: [INFO][Sync] Stopped: Collection
2024-11-21 01:19:54.129: [INFO][Sync] Stopped: Edge E Drop
2024-11-21 01:19:54.129: [INFO][Sync] Stopped: Edge Hub App Usage
2024-11-21 01:19:54.129: [INFO][Sync] Stopped: Edge Tab Group
2024-11-21 01:19:54.129: [INFO][Sync] Stopped: Edge Wallet
2024-11-21 01:19:54.931: [INFO][Sync] Try to start sync engine
2024-11-21 01:19:54.940: [INFO][SyncManagerImpl::NudgeForInitialDownload] Initial download nudge for Encryption Keys
2024-11-21 01:19:54.940: [INFO][SyncEngineBackend::LoadAndConnectNigoriController] Load and connect Nigori controller
2024-11-21 01:19:54.940: [INFO][SyncEngineBackend::DoInitialize] Control Types added: Encryption Keys
2024-11-21 01:19:54.940: [INFO][SyncManagerImpl::ConfigureSyncer] Types to download: Encryption Keys with reason: 3
2024-11-21 01:19:54.941: [INFO][SyncSchedulerImpl::DoConfigurationSyncCycleJob] Configure job was blocked
2024-11-21 01:19:55.789: [INFO][SyncAuthManager::SetLastAuthError] Current auth error: None
2024-11-21 01:19:55.789: [INFO][SyncAuthManager::EdgeLogTokenErrorState] Token error with: None for account type: MSA
2024-11-21 01:19:55.789: [INFO][Sync] Credentials changed for: EdgeSyncScopeNew
2024-11-21 01:19:58.475: [INFO][SyncAuthManager::SetLastAuthError] Current auth error: None
2024-11-21 01:19:58.475: [INFO][SyncAuthManager::EdgeLogTokenErrorState] Token error with: None for account type: MSA
2024-11-21 01:19:58.475: [INFO][Sync] Credentials changed for: EdgeSyncKeyDataScope
2024-11-21 01:19:58.475: [INFO][SyncEngineBackend::DoUpdateKeyDataCredentials] Update key data credentials
2024-11-21 01:19:58.475: [INFO][SyncEngineBackend::DoUpdateCredentials] Update credentials
2024-11-21 01:19:58.476: [INFO][SyncSchedulerImpl::DoConfigurationSyncCycleJob] Blocked types:  and types to download: Encryption Keys
2024-11-21 01:19:58.738: [INFO][Sync] Started DataTypeManager configuration, reason: 4
2024-11-21 01:19:58.738: [INFO][Sync] Configuring for: Bookmarks, Preferences, Passwords, Autofill Profiles, Autofill, Typed URLs, Extensions, Sessions, Extension settings, History Delete Directives, Device Info, User Consents, Send Tab To Self, Web Apps, Collection, Edge E Drop, Edge Hub App Usage, Edge Tab Group, Edge Wallet, Encryption Keys, reason: 3, current state: 0
2024-11-21 01:19:58.740: [INFO][Sync] Configure, desired: Bookmarks, Preferences, Typed URLs, Extensions, Sessions, Extension settings, History Delete Directives, Device Info, User Consents, Send Tab To Self, Web Apps, Collection, Edge E Drop, Edge Hub App Usage, Edge Tab Group, Edge Wallet, Encryption Keys; Allow fail: Passwords, Autofill Profiles, Autofill
2024-11-21 01:19:58.741: [INFO][Sync] Loading: Bookmarks
2024-11-21 01:19:58.741: [INFO][Sync] Loading: Preferences
2024-11-21 01:19:58.741: [INFO][Sync] Loading: Typed URLs
2024-11-21 01:19:58.741: [INFO][Sync] Loading: Extensions
2024-11-21 01:19:58.742: [INFO][Sync] Loading: Sessions
2024-11-21 01:19:58.742: [INFO][Sync] Loading: Extension settings
2024-11-21 01:19:58.742: [INFO][Sync] Loading: History Delete Directives
2024-11-21 01:19:58.742: [INFO][Sync] Loading: Device Info
2024-11-21 01:19:58.743: [INFO][Sync] Loading: User Consents
2024-11-21 01:19:58.743: [INFO][Sync] Loading: Send Tab To Self
2024-11-21 01:19:58.743: [INFO][Sync] Loading: Web Apps
2024-11-21 01:19:58.743: [INFO][Sync] Loading: Collection
2024-11-21 01:19:58.743: [INFO][Sync] Loading: Edge E Drop
2024-11-21 01:19:58.743: [INFO][Sync] Loading: Edge Hub App Usage
2024-11-21 01:19:58.743: [INFO][Sync] Loading: Edge Tab Group
2024-11-21 01:19:58.743: [INFO][Sync] Loading: Edge Wallet
2024-11-21 01:19:58.756: [INFO][Sync] All data types are ready for configure.
2024-11-21 01:19:59.144: [INFO][Sync] Started DataTypeManager configuration, reason: 5
2024-11-21 01:19:59.145: [INFO][Sync] Configuring for: Bookmarks, Preferences, Passwords, Autofill Profiles, Autofill, Typed URLs, Extensions, Sessions, Extension settings, History Delete Directives, Device Info, User Consents, Send Tab To Self, Web Apps, Collection, Edge E Drop, Edge Hub App Usage, Edge Tab Group, Edge Wallet, Encryption Keys, reason: 5, current state: 1
2024-11-21 01:19:59.147: [INFO][SyncEngineBackend::DoStartConfiguration] Start configuration
2024-11-21 01:19:59.147: [INFO][SyncManagerImpl::NudgeForInitialDownload] Initial download nudge for Bookmarks
2024-11-21 01:19:59.147: [INFO][SyncManagerImpl::NudgeForInitialDownload] Initial download nudge for Preferences
2024-11-21 01:19:59.147: [INFO][SyncManagerImpl::NudgeForInitialDownload] Initial download nudge for Typed URLs
2024-11-21 01:19:59.147: [INFO][SyncManagerImpl::NudgeForInitialDownload] Initial download nudge for Extensions
2024-11-21 01:19:59.147: [INFO][SyncManagerImpl::NudgeForInitialDownload] Initial download nudge for Sessions
2024-11-21 01:19:59.147: [INFO][SyncManagerImpl::NudgeForInitialDownload] Initial download nudge for Extension settings
2024-11-21 01:19:59.147: [INFO][SyncManagerImpl::NudgeForInitialDownload] Initial download nudge for History Delete Directives
2024-11-21 01:19:59.147: [INFO][SyncManagerImpl::NudgeForInitialDownload] Initial download nudge for Device Info
2024-11-21 01:19:59.147: [INFO][SyncManagerImpl::NudgeForInitialDownload] Initial download nudge for Send Tab To Self
2024-11-21 01:19:59.147: [INFO][SyncManagerImpl::NudgeForInitialDownload] Initial download nudge for Web Apps
2024-11-21 01:19:59.147: [INFO][SyncManagerImpl::NudgeForInitialDownload] Initial download nudge for Collection
2024-11-21 01:19:59.147: [INFO][SyncManagerImpl::NudgeForInitialDownload] Initial download nudge for Edge E Drop
2024-11-21 01:19:59.147: [INFO][SyncManagerImpl::NudgeForInitialDownload] Initial download nudge for Edge Hub App Usage
2024-11-21 01:19:59.147: [INFO][SyncManagerImpl::NudgeForInitialDownload] Initial download nudge for Edge Tab Group
2024-11-21 01:19:59.147: [INFO][SyncManagerImpl::NudgeForInitialDownload] Initial download nudge for Edge Wallet
2024-11-21 01:19:59.147: [INFO][SyncManagerImpl::ConfigureSyncer] Types to download:  with reason: 3
2024-11-21 01:19:59.148: [INFO][SyncEngineBackend::DoFinishConfigureDataTypes] Failed to download types:  and succeeded types: 
2024-11-21 01:19:59.151: [INFO][Sync] ConfigurationDone, failed: , succeeded: , remaining count: 3
2024-11-21 01:19:59.151: [WARN][Sync]     Reconfigure requested while configuration ongoing.
2024-11-21 01:19:59.151: [INFO][Sync] Configuring for: Bookmarks, Preferences, Passwords, Autofill Profiles, Autofill, Typed URLs, Extensions, Sessions, Extension settings, History Delete Directives, Device Info, User Consents, Send Tab To Self, Web Apps, Collection, Edge E Drop, Edge Hub App Usage, Edge Tab Group, Edge Wallet, Encryption Keys, reason: 5, current state: 2
2024-11-21 01:19:59.151: [INFO][Sync] Configure, desired: Bookmarks, Preferences, Passwords, Autofill Profiles, Autofill, Typed URLs, Extensions, Sessions, Extension settings, History Delete Directives, Device Info, User Consents, Send Tab To Self, Web Apps, Collection, Edge E Drop, Edge Hub App Usage, Edge Tab Group, Edge Wallet, Encryption Keys; Allow fail: 
2024-11-21 01:19:59.151: [INFO][Sync] Loading: Passwords
2024-11-21 01:19:59.151: [INFO][Sync] Loading: Autofill Profiles
2024-11-21 01:19:59.151: [INFO][Sync] Loading: Autofill
2024-11-21 01:19:59.151: [INFO][Sync] All data types are ready for configure.
2024-11-21 01:19:59.151: [INFO][SyncManagerImpl::NudgeForInitialDownload] Initial download nudge for Passwords
2024-11-21 01:19:59.151: [INFO][SyncManagerImpl::NudgeForInitialDownload] Initial download nudge for Autofill Profiles
2024-11-21 01:19:59.151: [INFO][SyncManagerImpl::NudgeForInitialDownload] Initial download nudge for Autofill
2024-11-21 01:19:59.151: [INFO][SyncManagerImpl::ConfigureSyncer] Types to download:  with reason: 5
2024-11-21 01:19:59.152: [INFO][SyncEngineBackend::DoFinishConfigureDataTypes] Failed to download types:  and succeeded types: 
2024-11-21 01:19:59.152: [INFO][Sync] ConfigurationDone, failed: , succeeded: , remaining count: 3
2024-11-21 01:19:59.152: [INFO][Sync] Prepare to configure types: Preferences, Passwords, Device Info, Send Tab To Self, Edge E Drop, Encryption Keys
2024-11-21 01:19:59.152: [INFO][SyncManagerImpl::ConfigureSyncer] Types to download: Preferences, Passwords, Device Info, Send Tab To Self, Edge E Drop, Encryption Keys with reason: 5
2024-11-21 01:19:59.152: [INFO][SyncSchedulerImpl::DoConfigurationSyncCycleJob] Blocked types:  and types to download: Preferences, Passwords, Device Info, Send Tab To Self, Edge E Drop, Encryption Keys
2024-11-21 01:20:01.519: [INFO][SyncEngineBackend::DoFinishConfigureDataTypes] Failed to download types:  and succeeded types: Preferences, Passwords, Device Info, Send Tab To Self, Edge E Drop, Encryption Keys
2024-11-21 01:20:01.558: [INFO][Sync] ConfigurationDone, failed: , succeeded: Preferences, Passwords, Device Info, Send Tab To Self, Edge E Drop, Encryption Keys, remaining count: 2
2024-11-21 01:20:01.558: [INFO][Sync] Prepare to configure types: Bookmarks, Encryption Keys
2024-11-21 01:20:01.558: [INFO][SyncManagerImpl::ConfigureSyncer] Types to download: Bookmarks, Encryption Keys with reason: 5
2024-11-21 01:20:01.558: [INFO][SyncSchedulerImpl::DoConfigurationSyncCycleJob] Blocked types:  and types to download: Bookmarks, Encryption Keys
2024-11-21 01:20:02.236: [INFO][SyncEngineBackend::DoFinishConfigureDataTypes] Failed to download types:  and succeeded types: Bookmarks, Encryption Keys
2024-11-21 01:20:02.237: [INFO][Sync] ConfigurationDone, failed: , succeeded: Bookmarks, Encryption Keys, remaining count: 1
2024-11-21 01:20:02.238: [INFO][Sync] Prepare to configure types: Autofill Profiles, Autofill, Typed URLs, Extensions, Sessions, Extension settings, History Delete Directives, Web Apps, Collection, Edge Hub App Usage, Edge Tab Group, Edge Wallet, Encryption Keys
2024-11-21 01:20:02.238: [INFO][SyncManagerImpl::ConfigureSyncer] Types to download: Autofill Profiles, Autofill, Typed URLs, Extensions, Sessions, Extension settings, History Delete Directives, Web Apps, Collection, Edge Hub App Usage, Edge Tab Group, Edge Wallet, Encryption Keys with reason: 5
2024-11-21 01:20:02.238: [INFO][SyncSchedulerImpl::DoConfigurationSyncCycleJob] Blocked types:  and types to download: Autofill Profiles, Autofill, Typed URLs, Extensions, Sessions, Extension settings, History Delete Directives, Web Apps, Collection, Edge Hub App Usage, Edge Tab Group, Edge Wallet, Encryption Keys
2024-11-21 01:20:06.783: [INFO][SyncEngineBackend::DoFinishConfigureDataTypes] Failed to download types:  and succeeded types: Autofill Profiles, Autofill, Typed URLs, Extensions, Sessions, Extension settings, History Delete Directives, Web Apps, Collection, Edge Hub App Usage, Edge Tab Group, Edge Wallet, Encryption Keys
2024-11-21 01:20:06.788: [INFO][Sync] ConfigurationDone, failed: , succeeded: Autofill Profiles, Autofill, Typed URLs, Extensions, Sessions, Extension settings, History Delete Directives, Web Apps, Collection, Edge Hub App Usage, Edge Tab Group, Edge Wallet, Encryption Keys, remaining count: 0
2024-11-21 01:20:06.788: [INFO][Sync]     Configuration completed, state: 7
2024-11-21 01:20:06.789: [INFO][Sync] Configured DataTypeManager: Ok
2024-11-21 01:20:06.791: [INFO][SyncEngineBackend::DoStartSyncing] Start syncing
2024-11-21 01:20:46.312: [INFO][Sync] Reset engine, reason: 0
2024-11-21 01:20:46.313: [INFO][Sync] Reset engine with reason: 0
2024-11-21 01:31:01.142: [INFO][Sync] SyncState after authenticated was: FeatureCanStart
2024-11-21 01:31:03.396: [INFO][Sync] Try to start sync engine
2024-11-21 01:31:03.405: [INFO][SyncManagerImpl::NudgeForInitialDownload] Initial download nudge for Encryption Keys
2024-11-21 01:31:03.405: [INFO][SyncEngineBackend::LoadAndConnectNigoriController] Load and connect Nigori controller
2024-11-21 01:31:03.405: [INFO][SyncEngineBackend::DoInitialize] Control Types added: Encryption Keys
2024-11-21 01:31:03.405: [INFO][SyncManagerImpl::ConfigureSyncer] Types to download: Encryption Keys with reason: 3
2024-11-21 01:31:03.406: [INFO][SyncSchedulerImpl::DoConfigurationSyncCycleJob] Configure job was blocked
2024-11-21 01:31:03.600: [INFO][SyncAuthManager::SetLastAuthError] Current auth error: None
2024-11-21 01:31:03.600: [INFO][SyncAuthManager::EdgeLogTokenErrorState] Token error with: None for account type: MSA
2024-11-21 01:31:03.601: [INFO][Sync] Credentials changed for: EdgeSyncKeyDataScope
2024-11-21 01:31:03.601: [INFO][SyncEngineBackend::DoUpdateKeyDataCredentials] Update key data credentials
2024-11-21 01:31:04.182: [INFO][SyncAuthManager::SetLastAuthError] Current auth error: None
2024-11-21 01:31:04.182: [INFO][SyncAuthManager::EdgeLogTokenErrorState] Token error with: None for account type: MSA
2024-11-21 01:31:04.182: [INFO][Sync] Credentials changed for: EdgeSyncScopeNew
2024-11-21 01:31:04.183: [INFO][SyncEngineBackend::DoUpdateCredentials] Update credentials
2024-11-21 01:31:04.183: [INFO][SyncEngineBackend::DoUpdateKeyDataCredentials] Update key data credentials
2024-11-21 01:31:04.183: [INFO][SyncSchedulerImpl::DoConfigurationSyncCycleJob] Blocked types:  and types to download: Encryption Keys
2024-11-21 01:31:04.403: [INFO][Sync] Started DataTypeManager configuration, reason: 4
2024-11-21 01:31:04.404: [INFO][Sync] Configuring for: Bookmarks, Preferences, Passwords, Autofill Profiles, Autofill, Typed URLs, Extensions, Sessions, Extension settings, History Delete Directives, Device Info, User Consents, Send Tab To Self, Web Apps, Collection, Edge E Drop, Edge Hub App Usage, Edge Tab Group, Edge Wallet, Encryption Keys, reason: 4, current state: 0
2024-11-21 01:31:04.411: [INFO][Sync] Configure, desired: Bookmarks, Preferences, Typed URLs, Extensions, Sessions, Extension settings, History Delete Directives, Device Info, User Consents, Send Tab To Self, Web Apps, Collection, Edge E Drop, Edge Hub App Usage, Edge Tab Group, Edge Wallet, Encryption Keys; Allow fail: Passwords, Autofill Profiles, Autofill
2024-11-21 01:31:04.411: [INFO][Sync] Loading: Bookmarks
2024-11-21 01:31:04.411: [INFO][Sync] Loading: Preferences
2024-11-21 01:31:04.411: [INFO][Sync] Loading: Typed URLs
2024-11-21 01:31:04.412: [INFO][Sync] Loading: Extensions
2024-11-21 01:31:04.412: [INFO][Sync] Loading: Sessions
2024-11-21 01:31:04.412: [INFO][Sync] Loading: Extension settings
2024-11-21 01:31:04.412: [INFO][Sync] Loading: History Delete Directives
2024-11-21 01:31:04.412: [INFO][Sync] Loading: Device Info
2024-11-21 01:31:04.412: [INFO][Sync] Loading: User Consents
2024-11-21 01:31:04.412: [INFO][Sync] Loading: Send Tab To Self
2024-11-21 01:31:04.412: [INFO][Sync] Loading: Web Apps
2024-11-21 01:31:04.412: [INFO][Sync] Loading: Collection
2024-11-21 01:31:04.412: [INFO][Sync] Loading: Edge E Drop
2024-11-21 01:31:04.412: [INFO][Sync] Loading: Edge Hub App Usage
2024-11-21 01:31:04.413: [INFO][Sync] Loading: Edge Tab Group
2024-11-21 01:31:04.413: [INFO][Sync] Loading: Edge Wallet
2024-11-21 01:31:04.425: [INFO][Sync] All data types are ready for configure.
2024-11-21 01:31:04.764: [INFO][Sync] Started DataTypeManager configuration, reason: 5
2024-11-21 01:31:04.764: [INFO][Sync] Configuring for: Bookmarks, Preferences, Passwords, Autofill Profiles, Autofill, Typed URLs, Extensions, Sessions, Extension settings, History Delete Directives, Device Info, User Consents, Send Tab To Self, Web Apps, Collection, Edge E Drop, Edge Hub App Usage, Edge Tab Group, Edge Wallet, Encryption Keys, reason: 5, current state: 1
2024-11-21 01:31:04.767: [INFO][SyncEngineBackend::DoStartConfiguration] Start configuration
2024-11-21 01:31:04.768: [INFO][SyncManagerImpl::ConfigureSyncer] Types to download:  with reason: 4
2024-11-21 01:31:04.768: [INFO][SyncEngineBackend::DoFinishConfigureDataTypes] Failed to download types:  and succeeded types: 
2024-11-21 01:31:04.771: [INFO][Sync] ConfigurationDone, failed: , succeeded: , remaining count: 3
2024-11-21 01:31:04.771: [WARN][Sync]     Reconfigure requested while configuration ongoing.
2024-11-21 01:31:04.771: [INFO][Sync] Configuring for: Bookmarks, Preferences, Passwords, Autofill Profiles, Autofill, Typed URLs, Extensions, Sessions, Extension settings, History Delete Directives, Device Info, User Consents, Send Tab To Self, Web Apps, Collection, Edge E Drop, Edge Hub App Usage, Edge Tab Group, Edge Wallet, Encryption Keys, reason: 5, current state: 2
2024-11-21 01:31:04.771: [INFO][Sync] Configure, desired: Bookmarks, Preferences, Passwords, Autofill Profiles, Autofill, Typed URLs, Extensions, Sessions, Extension settings, History Delete Directives, Device Info, User Consents, Send Tab To Self, Web Apps, Collection, Edge E Drop, Edge Hub App Usage, Edge Tab Group, Edge Wallet, Encryption Keys; Allow fail: 
2024-11-21 01:31:04.771: [INFO][Sync] Loading: Passwords
2024-11-21 01:31:04.771: [INFO][Sync] Loading: Autofill Profiles
2024-11-21 01:31:04.771: [INFO][Sync] Loading: Autofill
2024-11-21 01:31:04.772: [INFO][Sync] All data types are ready for configure.
2024-11-21 01:31:04.772: [INFO][SyncManagerImpl::NudgeForInitialDownload] Initial download nudge for Passwords
2024-11-21 01:31:04.772: [INFO][SyncManagerImpl::ConfigureSyncer] Types to download:  with reason: 5
2024-11-21 01:31:04.772: [INFO][SyncEngineBackend::DoFinishConfigureDataTypes] Failed to download types:  and succeeded types: 
2024-11-21 01:31:04.772: [INFO][Sync] ConfigurationDone, failed: , succeeded: , remaining count: 3
2024-11-21 01:31:04.772: [INFO][Sync] Prepare to configure types: Passwords, Encryption Keys
2024-11-21 01:31:04.772: [INFO][SyncManagerImpl::ConfigureSyncer] Types to download: Passwords, Encryption Keys with reason: 5
2024-11-21 01:31:04.772: [INFO][SyncSchedulerImpl::DoConfigurationSyncCycleJob] Blocked types:  and types to download: Passwords, Encryption Keys
2024-11-21 01:31:05.548: [INFO][SyncEngineBackend::DoFinishConfigureDataTypes] Failed to download types:  and succeeded types: Passwords, Encryption Keys
2024-11-21 01:31:05.553: [INFO][Sync] ConfigurationDone, failed: , succeeded: Passwords, Encryption Keys, remaining count: 2
2024-11-21 01:31:05.553: [INFO][SyncManagerImpl::ConfigureSyncer] Types to download:  with reason: 5
2024-11-21 01:31:05.554: [INFO][SyncEngineBackend::DoFinishConfigureDataTypes] Failed to download types:  and succeeded types: 
2024-11-21 01:31:05.554: [INFO][Sync] ConfigurationDone, failed: , succeeded: , remaining count: 1
2024-11-21 01:31:05.558: [INFO][SyncManagerImpl::ConfigureSyncer] Types to download:  with reason: 5
2024-11-21 01:31:05.558: [INFO][SyncEngineBackend::DoFinishConfigureDataTypes] Failed to download types:  and succeeded types: 
2024-11-21 01:31:05.558: [INFO][Sync] ConfigurationDone, failed: , succeeded: , remaining count: 0
2024-11-21 01:31:05.562: [INFO][Sync]     Configuration completed, state: 7
2024-11-21 01:31:05.563: [INFO][Sync] Configured DataTypeManager: Ok
2024-11-21 01:31:05.567: [INFO][SyncEngineBackend::DoStartSyncing] Start syncing
2024-11-21 01:31:34.580: [INFO][Sync] Reset engine, reason: 0
2024-11-21 01:31:34.580: [INFO][Sync] Reset engine with reason: 0
2024-11-21 01:33:15.668: [INFO][Sync] SyncState after authenticated was: FeatureCanStart
2024-11-21 01:33:17.330: [INFO][Sync] Try to start sync engine
2024-11-21 01:33:17.373: [INFO][SyncManagerImpl::NudgeForInitialDownload] Initial download nudge for Encryption Keys
2024-11-21 01:33:17.373: [INFO][SyncEngineBackend::LoadAndConnectNigoriController] Load and connect Nigori controller
2024-11-21 01:33:17.374: [INFO][SyncEngineBackend::DoInitialize] Control Types added: Encryption Keys
2024-11-21 01:33:17.374: [INFO][SyncManagerImpl::ConfigureSyncer] Types to download: Encryption Keys with reason: 3
2024-11-21 01:33:17.396: [INFO][SyncSchedulerImpl::DoConfigurationSyncCycleJob] Configure job was blocked
2024-11-21 01:33:18.707: [INFO][SyncAuthManager::SetLastAuthError] Current auth error: None
2024-11-21 01:33:18.707: [INFO][SyncAuthManager::EdgeLogTokenErrorState] Token error with: None for account type: MSA
2024-11-21 01:33:18.708: [INFO][Sync] Credentials changed for: EdgeSyncKeyDataScope
2024-11-21 01:33:18.708: [INFO][SyncEngineBackend::DoUpdateKeyDataCredentials] Update key data credentials
2024-11-21 01:33:18.816: [INFO][SyncAuthManager::SetLastAuthError] Current auth error: None
2024-11-21 01:33:18.816: [INFO][SyncAuthManager::EdgeLogTokenErrorState] Token error with: None for account type: MSA
2024-11-21 01:33:18.816: [INFO][Sync] Credentials changed for: EdgeSyncScopeNew
2024-11-21 01:33:18.816: [INFO][SyncEngineBackend::DoUpdateCredentials] Update credentials
2024-11-21 01:33:18.816: [INFO][SyncEngineBackend::DoUpdateKeyDataCredentials] Update key data credentials
2024-11-21 01:33:18.816: [INFO][SyncSchedulerImpl::DoConfigurationSyncCycleJob] Blocked types:  and types to download: Encryption Keys
2024-11-21 01:33:18.980: [INFO][Sync] Started DataTypeManager configuration, reason: 4
2024-11-21 01:33:18.981: [INFO][Sync] Configuring for: Bookmarks, Preferences, Passwords, Autofill Profiles, Autofill, Typed URLs, Extensions, Sessions, Extension settings, History Delete Directives, Device Info, User Consents, Send Tab To Self, Web Apps, Collection, Edge E Drop, Edge Hub App Usage, Edge Tab Group, Edge Wallet, Encryption Keys, reason: 4, current state: 0
2024-11-21 01:33:18.988: [INFO][Sync] Configure, desired: Bookmarks, Preferences, Typed URLs, Extensions, Sessions, Extension settings, History Delete Directives, Device Info, User Consents, Send Tab To Self, Web Apps, Collection, Edge E Drop, Edge Hub App Usage, Edge Tab Group, Edge Wallet, Encryption Keys; Allow fail: Passwords, Autofill Profiles, Autofill
2024-11-21 01:33:18.989: [INFO][Sync] Loading: Bookmarks
2024-11-21 01:33:18.989: [INFO][Sync] Loading: Preferences
2024-11-21 01:33:18.989: [INFO][Sync] Loading: Typed URLs
2024-11-21 01:33:18.989: [INFO][Sync] Loading: Extensions
2024-11-21 01:33:18.990: [INFO][Sync] Loading: Sessions
2024-11-21 01:33:18.990: [INFO][Sync] Loading: Extension settings
2024-11-21 01:33:18.990: [INFO][Sync] Loading: History Delete Directives
2024-11-21 01:33:18.991: [INFO][Sync] Loading: Device Info
2024-11-21 01:33:18.991: [INFO][Sync] Loading: User Consents
2024-11-21 01:33:18.991: [INFO][Sync] Loading: Send Tab To Self
2024-11-21 01:33:18.991: [INFO][Sync] Loading: Web Apps
2024-11-21 01:33:18.991: [INFO][Sync] Loading: Collection
2024-11-21 01:33:18.991: [INFO][Sync] Loading: Edge E Drop
2024-11-21 01:33:18.991: [INFO][Sync] Loading: Edge Hub App Usage
2024-11-21 01:33:18.991: [INFO][Sync] Loading: Edge Tab Group
2024-11-21 01:33:18.991: [INFO][Sync] Loading: Edge Wallet
2024-11-21 01:33:19.012: [INFO][Sync] All data types are ready for configure.
2024-11-21 01:33:19.366: [INFO][Sync] Started DataTypeManager configuration, reason: 5
2024-11-21 01:33:19.366: [INFO][Sync] Configuring for: Bookmarks, Preferences, Passwords, Autofill Profiles, Autofill, Typed URLs, Extensions, Sessions, Extension settings, History Delete Directives, Device Info, User Consents, Send Tab To Self, Web Apps, Collection, Edge E Drop, Edge Hub App Usage, Edge Tab Group, Edge Wallet, Encryption Keys, reason: 5, current state: 1
2024-11-21 01:33:19.367: [INFO][SyncEngineBackend::DoStartConfiguration] Start configuration
2024-11-21 01:33:19.368: [INFO][SyncManagerImpl::ConfigureSyncer] Types to download:  with reason: 4
2024-11-21 01:33:19.368: [INFO][SyncEngineBackend::DoFinishConfigureDataTypes] Failed to download types:  and succeeded types: 
2024-11-21 01:33:19.373: [INFO][Sync] ConfigurationDone, failed: , succeeded: , remaining count: 3
2024-11-21 01:33:19.373: [WARN][Sync]     Reconfigure requested while configuration ongoing.
2024-11-21 01:33:19.373: [INFO][Sync] Configuring for: Bookmarks, Preferences, Passwords, Autofill Profiles, Autofill, Typed URLs, Extensions, Sessions, Extension settings, History Delete Directives, Device Info, User Consents, Send Tab To Self, Web Apps, Collection, Edge E Drop, Edge Hub App Usage, Edge Tab Group, Edge Wallet, Encryption Keys, reason: 5, current state: 2
2024-11-21 01:33:19.373: [INFO][Sync] Configure, desired: Bookmarks, Preferences, Passwords, Autofill Profiles, Autofill, Typed URLs, Extensions, Sessions, Extension settings, History Delete Directives, Device Info, User Consents, Send Tab To Self, Web Apps, Collection, Edge E Drop, Edge Hub App Usage, Edge Tab Group, Edge Wallet, Encryption Keys; Allow fail: 
2024-11-21 01:33:19.373: [INFO][Sync] Loading: Passwords
2024-11-21 01:33:19.373: [INFO][Sync] Loading: Autofill Profiles
2024-11-21 01:33:19.374: [INFO][Sync] Loading: Autofill
2024-11-21 01:33:19.374: [INFO][Sync] All data types are ready for configure.
2024-11-21 01:33:19.374: [INFO][SyncManagerImpl::NudgeForInitialDownload] Initial download nudge for Passwords
2024-11-21 01:33:19.374: [INFO][SyncManagerImpl::ConfigureSyncer] Types to download:  with reason: 5
2024-11-21 01:33:19.374: [INFO][SyncEngineBackend::DoFinishConfigureDataTypes] Failed to download types:  and succeeded types: 
2024-11-21 01:33:19.374: [INFO][Sync] ConfigurationDone, failed: , succeeded: , remaining count: 3
2024-11-21 01:33:19.374: [INFO][Sync] Prepare to configure types: Passwords, Encryption Keys
2024-11-21 01:33:19.375: [INFO][SyncManagerImpl::ConfigureSyncer] Types to download: Passwords, Encryption Keys with reason: 5
2024-11-21 01:33:19.375: [INFO][SyncSchedulerImpl::DoConfigurationSyncCycleJob] Blocked types:  and types to download: Passwords, Encryption Keys
2024-11-21 01:33:20.053: [INFO][SyncEngineBackend::DoFinishConfigureDataTypes] Failed to download types:  and succeeded types: Passwords, Encryption Keys
2024-11-21 01:33:20.058: [INFO][Sync] ConfigurationDone, failed: , succeeded: Passwords, Encryption Keys, remaining count: 2
2024-11-21 01:33:20.058: [INFO][SyncManagerImpl::ConfigureSyncer] Types to download:  with reason: 5
2024-11-21 01:33:20.058: [INFO][SyncEngineBackend::DoFinishConfigureDataTypes] Failed to download types:  and succeeded types: 
2024-11-21 01:33:20.058: [INFO][Sync] ConfigurationDone, failed: , succeeded: , remaining count: 1
2024-11-21 01:33:20.062: [INFO][SyncManagerImpl::ConfigureSyncer] Types to download:  with reason: 5
2024-11-21 01:33:20.062: [INFO][SyncEngineBackend::DoFinishConfigureDataTypes] Failed to download types:  and succeeded types: 
2024-11-21 01:33:20.062: [INFO][Sync] ConfigurationDone, failed: , succeeded: , remaining count: 0
2024-11-21 01:33:20.066: [INFO][Sync]     Configuration completed, state: 7
2024-11-21 01:33:20.068: [INFO][Sync] Configured DataTypeManager: Ok
2024-11-21 01:33:20.071: [INFO][SyncEngineBackend::DoStartSyncing] Start syncing
2024-11-21 01:34:09.880: [INFO][Sync] Reset engine, reason: 0
2024-11-21 01:34:09.881: [INFO][Sync] Reset engine with reason: 0
2024-11-21 01:34:51.764: [INFO][Sync] SyncState after authenticated was: FeatureCanStart
2024-11-21 01:34:53.027: [INFO][Sync] Try to start sync engine
2024-11-21 01:34:53.035: [INFO][SyncManagerImpl::NudgeForInitialDownload] Initial download nudge for Encryption Keys
2024-11-21 01:34:53.035: [INFO][SyncEngineBackend::LoadAndConnectNigoriController] Load and connect Nigori controller
2024-11-21 01:34:53.035: [INFO][SyncEngineBackend::DoInitialize] Control Types added: Encryption Keys
2024-11-21 01:34:53.035: [INFO][SyncManagerImpl::ConfigureSyncer] Types to download: Encryption Keys with reason: 3
2024-11-21 01:34:53.036: [INFO][SyncSchedulerImpl::DoConfigurationSyncCycleJob] Configure job was blocked
2024-11-21 01:34:54.289: [INFO][SyncAuthManager::SetLastAuthError] Current auth error: None
2024-11-21 01:34:54.289: [INFO][SyncAuthManager::EdgeLogTokenErrorState] Token error with: None for account type: MSA
2024-11-21 01:34:54.289: [INFO][Sync] Credentials changed for: EdgeSyncKeyDataScope
2024-11-21 01:34:54.289: [INFO][SyncEngineBackend::DoUpdateKeyDataCredentials] Update key data credentials
2024-11-21 01:34:54.376: [INFO][SyncAuthManager::SetLastAuthError] Current auth error: None
2024-11-21 01:34:54.376: [INFO][SyncAuthManager::EdgeLogTokenErrorState] Token error with: None for account type: MSA
2024-11-21 01:34:54.376: [INFO][Sync] Credentials changed for: EdgeSyncScopeNew
2024-11-21 01:34:54.376: [INFO][SyncEngineBackend::DoUpdateCredentials] Update credentials
2024-11-21 01:34:54.376: [INFO][SyncEngineBackend::DoUpdateKeyDataCredentials] Update key data credentials
2024-11-21 01:34:54.376: [INFO][SyncSchedulerImpl::DoConfigurationSyncCycleJob] Blocked types:  and types to download: Encryption Keys
2024-11-21 01:34:54.508: [INFO][Sync] Started DataTypeManager configuration, reason: 4
2024-11-21 01:34:54.509: [INFO][Sync] Configuring for: Bookmarks, Preferences, Passwords, Autofill Profiles, Autofill, Typed URLs, Extensions, Sessions, Extension settings, History Delete Directives, Device Info, User Consents, Send Tab To Self, Web Apps, Collection, Edge E Drop, Edge Hub App Usage, Edge Tab Group, Edge Wallet, Encryption Keys, reason: 4, current state: 0
2024-11-21 01:34:54.516: [INFO][Sync] Configure, desired: Bookmarks, Preferences, Typed URLs, Extensions, Sessions, Extension settings, History Delete Directives, Device Info, User Consents, Send Tab To Self, Web Apps, Collection, Edge E Drop, Edge Hub App Usage, Edge Tab Group, Edge Wallet, Encryption Keys; Allow fail: Passwords, Autofill Profiles, Autofill
2024-11-21 01:34:54.516: [INFO][Sync] Loading: Bookmarks
2024-11-21 01:34:54.516: [INFO][Sync] Loading: Preferences
2024-11-21 01:34:54.516: [INFO][Sync] Loading: Typed URLs
2024-11-21 01:34:54.516: [INFO][Sync] Loading: Extensions
2024-11-21 01:34:54.516: [INFO][Sync] Loading: Sessions
2024-11-21 01:34:54.516: [INFO][Sync] Loading: Extension settings
2024-11-21 01:34:54.516: [INFO][Sync] Loading: History Delete Directives
2024-11-21 01:34:54.517: [INFO][Sync] Loading: Device Info
2024-11-21 01:34:54.517: [INFO][Sync] Loading: User Consents
2024-11-21 01:34:54.517: [INFO][Sync] Loading: Send Tab To Self
2024-11-21 01:34:54.517: [INFO][Sync] Loading: Web Apps
2024-11-21 01:34:54.517: [INFO][Sync] Loading: Collection
2024-11-21 01:34:54.517: [INFO][Sync] Loading: Edge E Drop
2024-11-21 01:34:54.517: [INFO][Sync] Loading: Edge Hub App Usage
2024-11-21 01:34:54.517: [INFO][Sync] Loading: Edge Tab Group
2024-11-21 01:34:54.517: [INFO][Sync] Loading: Edge Wallet
2024-11-21 01:34:54.526: [INFO][Sync] All data types are ready for configure.
2024-11-21 01:34:55.340: [INFO][Sync] Started DataTypeManager configuration, reason: 5
2024-11-21 01:34:55.340: [INFO][Sync] Configuring for: Bookmarks, Preferences, Passwords, Autofill Profiles, Autofill, Typed URLs, Extensions, Sessions, Extension settings, History Delete Directives, Device Info, User Consents, Send Tab To Self, Web Apps, Collection, Edge E Drop, Edge Hub App Usage, Edge Tab Group, Edge Wallet, Encryption Keys, reason: 5, current state: 1
2024-11-21 01:34:55.342: [INFO][SyncEngineBackend::DoStartConfiguration] Start configuration
2024-11-21 01:34:55.343: [INFO][SyncManagerImpl::ConfigureSyncer] Types to download:  with reason: 4
2024-11-21 01:34:55.343: [INFO][SyncEngineBackend::DoFinishConfigureDataTypes] Failed to download types:  and succeeded types: 
2024-11-21 01:34:55.346: [INFO][Sync] ConfigurationDone, failed: , succeeded: , remaining count: 3
2024-11-21 01:34:55.346: [WARN][Sync]     Reconfigure requested while configuration ongoing.
2024-11-21 01:34:55.346: [INFO][Sync] Configuring for: Bookmarks, Preferences, Passwords, Autofill Profiles, Autofill, Typed URLs, Extensions, Sessions, Extension settings, History Delete Directives, Device Info, User Consents, Send Tab To Self, Web Apps, Collection, Edge E Drop, Edge Hub App Usage, Edge Tab Group, Edge Wallet, Encryption Keys, reason: 5, current state: 2
2024-11-21 01:34:55.346: [INFO][Sync] Configure, desired: Bookmarks, Preferences, Passwords, Autofill Profiles, Autofill, Typed URLs, Extensions, Sessions, Extension settings, History Delete Directives, Device Info, User Consents, Send Tab To Self, Web Apps, Collection, Edge E Drop, Edge Hub App Usage, Edge Tab Group, Edge Wallet, Encryption Keys; Allow fail: 
2024-11-21 01:34:55.347: [INFO][Sync] Loading: Passwords
2024-11-21 01:34:55.347: [INFO][Sync] Loading: Autofill Profiles
2024-11-21 01:34:55.347: [INFO][Sync] Loading: Autofill
2024-11-21 01:34:55.347: [INFO][Sync] All data types are ready for configure.
2024-11-21 01:34:55.347: [INFO][SyncManagerImpl::NudgeForInitialDownload] Initial download nudge for Passwords
2024-11-21 01:34:55.347: [INFO][SyncManagerImpl::ConfigureSyncer] Types to download:  with reason: 5
2024-11-21 01:34:55.347: [INFO][SyncEngineBackend::DoFinishConfigureDataTypes] Failed to download types:  and succeeded types: 
2024-11-21 01:34:55.348: [INFO][Sync] ConfigurationDone, failed: , succeeded: , remaining count: 3
2024-11-21 01:34:55.348: [INFO][Sync] Prepare to configure types: Passwords, Encryption Keys
2024-11-21 01:34:55.349: [INFO][SyncManagerImpl::ConfigureSyncer] Types to download: Passwords, Encryption Keys with reason: 5
2024-11-21 01:34:55.349: [INFO][SyncSchedulerImpl::DoConfigurationSyncCycleJob] Blocked types:  and types to download: Passwords, Encryption Keys
2024-11-21 01:34:55.944: [INFO][SyncEngineBackend::DoFinishConfigureDataTypes] Failed to download types:  and succeeded types: Passwords, Encryption Keys
2024-11-21 01:34:55.948: [INFO][Sync] ConfigurationDone, failed: , succeeded: Passwords, Encryption Keys, remaining count: 2
2024-11-21 01:34:55.948: [INFO][SyncManagerImpl::ConfigureSyncer] Types to download:  with reason: 5
2024-11-21 01:34:55.948: [INFO][SyncEngineBackend::DoFinishConfigureDataTypes] Failed to download types:  and succeeded types: 
2024-11-21 01:34:55.948: [INFO][Sync] ConfigurationDone, failed: , succeeded: , remaining count: 1
2024-11-21 01:34:55.952: [INFO][SyncManagerImpl::ConfigureSyncer] Types to download:  with reason: 5
2024-11-21 01:34:55.952: [INFO][SyncEngineBackend::DoFinishConfigureDataTypes] Failed to download types:  and succeeded types: 
2024-11-21 01:34:55.955: [INFO][Sync] ConfigurationDone, failed: , succeeded: , remaining count: 0
2024-11-21 01:34:55.959: [INFO][Sync]     Configuration completed, state: 7
2024-11-21 01:34:55.961: [INFO][Sync] Configured DataTypeManager: Ok
2024-11-21 01:34:55.964: [INFO][SyncEngineBackend::DoStartSyncing] Start syncing
2024-11-21 01:35:22.476: [INFO][Sync] Reset engine, reason: 0
2024-11-21 01:35:22.476: [INFO][Sync] Reset engine with reason: 0
